[+] Containers:
 |- [+] Container: /Game/Arena/Maps/MainMenuMap
 |   |- [+] ActorDescs:
 |   |   |- Guid:01FB3405730A37AEB0D00ED2B34C0E77 NativeClass:/Script/Engine.DirectionalLight Name:DirectionalLight_0 Label:DirectionalLight SpatiallyLoaded:false EditorBounds:IsValid=false, Min=(X=0.000 Y=0.000 Z=0.000), Max=(X=0.000 Y=0.000 Z=0.000) RuntimeBounds:IsValid=false, Min=(X=0.000 Y=0.000 Z=0.000), Max=(X=0.000 Y=0.000 Z=0.000) RuntimeGrid:None EditorOnly:false RuntimeOnly:false HLODRelevant:false ListedInSceneOutliner:true IsMainWorldOnly:false FolderPath:Lighting FolderGuid:D9E1224C415FCB205E4105B3245ADAAB
 |   |   |- Guid:03640FCDA4573C6DB59A232A8D757E90 NativeClass:/Script/Engine.StaticMeshActor Name:StaticMeshActor_UAID_A4AE111137DC5FFB00_1159438599 Label:SM_SkySphere SpatiallyLoaded:false EditorBounds:IsValid=true, Min=(X=-1638400.000 Y=-1638400.000 Z=-1638400.000), Max=(X=1638400.000 Y=1638400.000 Z=1638400.000) RuntimeBounds:IsValid=true, Min=(X=-1638400.000 Y=-1638400.000 Z=-1638400.000), Max=(X=1638400.000 Y=1638400.000 Z=1638400.000) RuntimeGrid:None EditorOnly:false RuntimeOnly:false HLODRelevant:false ListedInSceneOutliner:true IsMainWorldOnly:false FolderPath:Lighting FolderGuid:D9E1224C415FCB205E4105B3245ADAAB
 |   |   |- Guid:067F2E598B123FCD99BEC78A44D98FFF NativeClass:/Script/Engine.SkyLight Name:SkyLight_0 Label:SkyLight SpatiallyLoaded:false EditorBounds:IsValid=true, Min=(X=-1.000 Y=-1.000 Z=-1.000), Max=(X=1.000 Y=1.000 Z=690.000) RuntimeBounds:IsValid=true, Min=(X=0.000 Y=0.000 Z=690.000), Max=(X=0.000 Y=0.000 Z=690.000) RuntimeGrid:None EditorOnly:false RuntimeOnly:false HLODRelevant:false ListedInSceneOutliner:true IsMainWorldOnly:false FolderPath:Lighting FolderGuid:D9E1224C415FCB205E4105B3245ADAAB
 |   |   |- Guid:0F16EC84BB8D38B6856F90EACE4EA1CC NativeClass:/Script/Engine.TextRenderActor Name:TextRenderActor_0 Label:TextRenderActor SpatiallyLoaded:true EditorBounds:IsValid=true, Min=(X=-128.100 Y=972.000 Z=12.013), Max=(X=127.900 Y=2363.461 Z=268.013) RuntimeBounds:IsValid=true, Min=(X=-0.100 Y=1100.000 Z=65.013), Max=(X=-0.100 Y=2363.461 Z=215.013) RuntimeGrid:None EditorOnly:false RuntimeOnly:false HLODRelevant:false ListedInSceneOutliner:true IsMainWorldOnly:false
 |   |   |- Guid:0FCBD82B89C33D558B10B3F725E6181F NativeClass:/Script/Landscape.LandscapeStreamingProxy Name:LandscapeStreamingProxy_DABB07KZMGAJCZIXL5GXYIMBC_62_0_1_0 Label:LandscapeStreamingProxy_0_1_0 SpatiallyLoaded:true EditorBounds:IsValid=true, Min=(X=-10470.000 Y=-4070.000 Z=0.000), Max=(X=-4270.000 Y=2130.000 Z=1982.031) RuntimeBounds:IsValid=true, Min=(X=-10470.000 Y=-4070.000 Z=4.688), Max=(X=-4270.000 Y=2130.000 Z=1982.031) RuntimeGrid:None EditorOnly:false RuntimeOnly:false HLODRelevant:true ListedInSceneOutliner:true IsMainWorldOnly:false
 |   |   |- Guid:228A44E4224B375D9359B4367EEFED4C NativeClass:/Script/Engine.WorldDataLayers Name:WorldDataLayers Label:WorldDataLayers-1 SpatiallyLoaded:false EditorBounds:IsValid=false, Min=(X=0.000 Y=0.000 Z=0.000), Max=(X=0.000 Y=0.000 Z=0.000) RuntimeBounds:IsValid=false, Min=(X=0.000 Y=0.000 Z=0.000), Max=(X=0.000 Y=0.000 Z=0.000) RuntimeGrid:None EditorOnly:false RuntimeOnly:false HLODRelevant:false ListedInSceneOutliner:true IsMainWorldOnly:true
 |   |   |- Guid:24830AA021CC344B9CBC7774A9CDF51C NativeClass:/Script/Engine.PostProcessVolume Name:PostProcessVolume_0 Label:PostProcessVolume SpatiallyLoaded:false EditorBounds:IsValid=true, Min=(X=0.000 Y=0.000 Z=400.000), Max=(X=200.000 Y=200.000 Z=600.000) RuntimeBounds:IsValid=true, Min=(X=0.000 Y=0.000 Z=400.000), Max=(X=200.000 Y=200.000 Z=600.000) RuntimeGrid:None EditorOnly:false RuntimeOnly:false HLODRelevant:false ListedInSceneOutliner:true IsMainWorldOnly:false FolderPath:Lighting FolderGuid:D9E1224C415FCB205E4105B3245ADAAB
 |   |   |- Guid:27E00D06A33F3707889B539A32C069D1 NativeClass:/Script/Landscape.Landscape Name:Landscape_UAID_64497DC4E757649802_1117220607 Label:Landscape SpatiallyLoaded:false EditorBounds:IsValid=true, Min=(X=-10470.000 Y=-10270.000 Z=0.000), Max=(X=-10470.000 Y=-10270.000 Z=0.000) RuntimeBounds:IsValid=true, Min=(X=-10470.000 Y=-10270.000 Z=0.000), Max=(X=-10470.000 Y=-10270.000 Z=0.000) RuntimeGrid:None EditorOnly:false RuntimeOnly:false HLODRelevant:false ListedInSceneOutliner:true IsMainWorldOnly:false
 |   |   |- Guid:32E0F5FB2CF4332E80D5BC280EEA586E NativeClass:/Script/Landscape.LandscapeStreamingProxy Name:LandscapeStreamingProxy_DABB07KZMGAJCZIXL5GXYIMBC_62_0_2_0 Label:LandscapeStreamingProxy_0_2_0 SpatiallyLoaded:true EditorBounds:IsValid=true, Min=(X=-10470.000 Y=2130.000 Z=0.000), Max=(X=-4270.000 Y=8330.000 Z=1537.500) RuntimeBounds:IsValid=true, Min=(X=-10470.000 Y=2130.000 Z=0.000), Max=(X=-4270.000 Y=8330.000 Z=1537.500) RuntimeGrid:None EditorOnly:false RuntimeOnly:false HLODRelevant:true ListedInSceneOutliner:true IsMainWorldOnly:false
 |   |   |- Guid:3C4AE7DE0B313AD58BFD41790AE830D0 NativeClass:/Script/Landscape.LandscapeStreamingProxy Name:LandscapeStreamingProxy_DABB07KZMGAJCZIXL5GXYIMBC_62_2_3_0 Label:LandscapeStreamingProxy_2_3_0 SpatiallyLoaded:true EditorBounds:IsValid=true, Min=(X=1930.000 Y=8330.000 Z=0.000), Max=(X=8130.000 Y=14530.000 Z=4317.969) RuntimeBounds:IsValid=true, Min=(X=1930.000 Y=8330.000 Z=907.031), Max=(X=8130.000 Y=14530.000 Z=4317.969) RuntimeGrid:None EditorOnly:false RuntimeOnly:false HLODRelevant:true ListedInSceneOutliner:true IsMainWorldOnly:false
 |   |   |- Guid:58FC91154A8714D7C8AF3F89A87EFA17 NativeClass:/Script/Engine.PlayerStart Name:PlayerStart_UAID_64497DC4E757AB9E02_1122733440 Label:PlayerStart SpatiallyLoaded:false EditorBounds:IsValid=true, Min=(X=-3711.816 Y=-4347.717 Z=1638.561), Max=(X=-3348.243 Y=-4000.938 Z=1894.561) RuntimeBounds:IsValid=true, Min=(X=-3642.165 Y=-4277.802 Z=1673.480), Max=(X=-3525.466 Y=-4161.632 Z=1859.642) RuntimeGrid:None EditorOnly:false RuntimeOnly:false HLODRelevant:false ListedInSceneOutliner:true IsMainWorldOnly:false
 |   |   |- Guid:5D3468A947FC3A619667ECAD05830171 NativeClass:/Script/Landscape.LandscapeStreamingProxy Name:LandscapeStreamingProxy_DABB07KZMGAJCZIXL5GXYIMBC_62_0_3_0 Label:LandscapeStreamingProxy_0_3_0 SpatiallyLoaded:true EditorBounds:IsValid=true, Min=(X=-10470.000 Y=8330.000 Z=0.000), Max=(X=-4270.000 Y=14530.000 Z=2564.062) RuntimeBounds:IsValid=true, Min=(X=-10470.000 Y=8330.000 Z=100.781), Max=(X=-4270.000 Y=14530.000 Z=2564.062) RuntimeGrid:None EditorOnly:false RuntimeOnly:false HLODRelevant:true ListedInSceneOutliner:true IsMainWorldOnly:false
 |   |   |- Guid:8274B005F9E8366CB7A43A32EA676024 NativeClass:/Script/Landscape.LandscapeStreamingProxy Name:LandscapeStreamingProxy_DABB07KZMGAJCZIXL5GXYIMBC_62_0_0_0 Label:LandscapeStreamingProxy_0_0_0 SpatiallyLoaded:true EditorBounds:IsValid=true, Min=(X=-10470.000 Y=-10270.000 Z=0.000), Max=(X=-4270.000 Y=-4070.000 Z=3659.375) RuntimeBounds:IsValid=true, Min=(X=-10470.000 Y=-10270.000 Z=95.312), Max=(X=-4270.000 Y=-4070.000 Z=3659.375) RuntimeGrid:None EditorOnly:false RuntimeOnly:false HLODRelevant:true ListedInSceneOutliner:true IsMainWorldOnly:false
 |   |   |- Guid:85E49832E7BE33149D4CBD221EF8F143 NativeClass:/Script/Landscape.LandscapeStreamingProxy Name:LandscapeStreamingProxy_DABB07KZMGAJCZIXL5GXYIMBC_62_3_0_0 Label:LandscapeStreamingProxy_3_0_0 SpatiallyLoaded:true EditorBounds:IsValid=true, Min=(X=8130.000 Y=-10270.000 Z=0.000), Max=(X=14330.000 Y=-4070.000 Z=4782.812) RuntimeBounds:IsValid=true, Min=(X=8130.000 Y=-10270.000 Z=35.938), Max=(X=14330.000 Y=-4070.000 Z=4782.812) RuntimeGrid:None EditorOnly:false RuntimeOnly:false HLODRelevant:true ListedInSceneOutliner:true IsMainWorldOnly:false
 |   |   |- Guid:86EF5570858A3E2C807411067FF8BF21 NativeClass:/Script/Landscape.LandscapeStreamingProxy Name:LandscapeStreamingProxy_DABB07KZMGAJCZIXL5GXYIMBC_62_1_1_0 Label:LandscapeStreamingProxy_1_1_0 SpatiallyLoaded:true EditorBounds:IsValid=true, Min=(X=-4270.000 Y=-4070.000 Z=0.000), Max=(X=1930.000 Y=2130.000 Z=779.688) RuntimeBounds:IsValid=true, Min=(X=-4270.000 Y=-4070.000 Z=0.000), Max=(X=1930.000 Y=2130.000 Z=779.688) RuntimeGrid:None EditorOnly:false RuntimeOnly:false HLODRelevant:true ListedInSceneOutliner:true IsMainWorldOnly:false
 |   |   |- Guid:987116B90EA83E6B80AF54C6CEA12244 NativeClass:/Script/Landscape.LandscapeStreamingProxy Name:LandscapeStreamingProxy_DABB07KZMGAJCZIXL5GXYIMBC_62_2_1_0 Label:LandscapeStreamingProxy_2_1_0 SpatiallyLoaded:true EditorBounds:IsValid=true, Min=(X=1930.000 Y=-4070.000 Z=0.000), Max=(X=8130.000 Y=2130.000 Z=1125.781) RuntimeBounds:IsValid=true, Min=(X=1930.000 Y=-4070.000 Z=0.000), Max=(X=8130.000 Y=2130.000 Z=1125.781) RuntimeGrid:None EditorOnly:false RuntimeOnly:false HLODRelevant:true ListedInSceneOutliner:true IsMainWorldOnly:false
 |   |   |- Guid:A1250BD0AB413D3B9CE637061C61A621 NativeClass:/Script/Landscape.LandscapeStreamingProxy Name:LandscapeStreamingProxy_DABB07KZMGAJCZIXL5GXYIMBC_62_1_3_0 Label:LandscapeStreamingProxy_1_3_0 SpatiallyLoaded:true EditorBounds:IsValid=true, Min=(X=-4270.000 Y=8330.000 Z=0.000), Max=(X=1930.000 Y=14530.000 Z=2335.938) RuntimeBounds:IsValid=true, Min=(X=-4270.000 Y=8330.000 Z=13.281), Max=(X=1930.000 Y=14530.000 Z=2335.938) RuntimeGrid:None EditorOnly:false RuntimeOnly:false HLODRelevant:true ListedInSceneOutliner:true IsMainWorldOnly:false
 |   |   |- Guid:A5077243B0973C3E80BA6D353AFE4837 NativeClass:/Script/Landscape.LandscapeStreamingProxy Name:LandscapeStreamingProxy_DABB07KZMGAJCZIXL5GXYIMBC_62_3_1_0 Label:LandscapeStreamingProxy_3_1_0 SpatiallyLoaded:true EditorBounds:IsValid=true, Min=(X=8130.000 Y=-4070.000 Z=0.000), Max=(X=14330.000 Y=2130.000 Z=2459.375) RuntimeBounds:IsValid=true, Min=(X=8130.000 Y=-4070.000 Z=0.000), Max=(X=14330.000 Y=2130.000 Z=2459.375) RuntimeGrid:None EditorOnly:false RuntimeOnly:false HLODRelevant:true ListedInSceneOutliner:true IsMainWorldOnly:false
 |   |   |- Guid:B12F1D2339083F179A80D0233AEB21DA NativeClass:/Script/Engine.StaticMeshActor Name:StaticMeshActor_UAID_64497DC4E757599802_1434328672 Label:SM_ISOA SpatiallyLoaded:true EditorBounds:IsValid=true, Min=(X=-959.970 Y=73.129 Z=-132.245), Max=(X=4039.737 Y=3446.856 Z=2452.296) RuntimeBounds:IsValid=true, Min=(X=-959.970 Y=73.129 Z=-132.245), Max=(X=4039.737 Y=3446.856 Z=2452.296) RuntimeGrid:None EditorOnly:false RuntimeOnly:false HLODRelevant:true ListedInSceneOutliner:true IsMainWorldOnly:false
 |   |   |- Guid:B7F9D4F24E54D316AC14929FC3B05585 NativeClass:/Script/CinematicCamera.CineCameraActor Name:CineCameraActor_UAID_64497DC4E757269D02_1639145977 Label:CineCameraActor SpatiallyLoaded:false EditorBounds:IsValid=true, Min=(X=-4593.816 Y=-5229.717 Z=756.561), Max=(X=-2573.816 Y=-3209.717 Z=2776.561) RuntimeBounds:IsValid=true, Min=(X=-3583.816 Y=-4219.717 Z=1766.561), Max=(X=-3583.816 Y=-4219.717 Z=1766.561) RuntimeGrid:None EditorOnly:false RuntimeOnly:false HLODRelevant:false ListedInSceneOutliner:true IsMainWorldOnly:false
 |   |   |- Guid:B9CA383C01943C239A749A9202E84AB1 NativeClass:/Script/Landscape.LandscapeStreamingProxy Name:LandscapeStreamingProxy_DABB07KZMGAJCZIXL5GXYIMBC_62_3_3_0 Label:LandscapeStreamingProxy_3_3_0 SpatiallyLoaded:true EditorBounds:IsValid=true, Min=(X=8130.000 Y=8330.000 Z=0.000), Max=(X=14330.000 Y=14530.000 Z=7979.688) RuntimeBounds:IsValid=true, Min=(X=8130.000 Y=8330.000 Z=2248.438), Max=(X=14330.000 Y=14530.000 Z=7979.688) RuntimeGrid:None EditorOnly:false RuntimeOnly:false HLODRelevant:true ListedInSceneOutliner:true IsMainWorldOnly:false
 |   |   |- Guid:BCB5B142A93233249A3F0102CF9BA880 NativeClass:/Script/Landscape.LandscapeStreamingProxy Name:LandscapeStreamingProxy_DABB07KZMGAJCZIXL5GXYIMBC_62_3_2_0 Label:LandscapeStreamingProxy_3_2_0 SpatiallyLoaded:true EditorBounds:IsValid=true, Min=(X=8130.000 Y=2130.000 Z=0.000), Max=(X=14330.000 Y=8330.000 Z=5783.594) RuntimeBounds:IsValid=true, Min=(X=8130.000 Y=2130.000 Z=275.781), Max=(X=14330.000 Y=8330.000 Z=5783.594) RuntimeGrid:None EditorOnly:false RuntimeOnly:false HLODRelevant:true ListedInSceneOutliner:true IsMainWorldOnly:false
 |   |   |- Guid:BE0CD676504C31839A537E1E9B2392A6 NativeClass:/Script/Engine.ExponentialHeightFog Name:ExponentialHeightFog_0 Label:ExponentialHeightFog SpatiallyLoaded:false EditorBounds:IsValid=true, Min=(X=-5728.000 Y=-178.000 Z=-6978.000), Max=(X=-5472.000 Y=78.000 Z=-6722.000) RuntimeBounds:IsValid=true, Min=(X=-5600.000 Y=-50.000 Z=-6850.000), Max=(X=-5600.000 Y=-50.000 Z=-6850.000) RuntimeGrid:None EditorOnly:false RuntimeOnly:false HLODRelevant:false ListedInSceneOutliner:true IsMainWorldOnly:false FolderPath:Lighting FolderGuid:D9E1224C415FCB205E4105B3245ADAAB
 |   |   |- Guid:E3076D37236436579AD28CC8EF71A6AD NativeClass:/Script/Landscape.LandscapeStreamingProxy Name:LandscapeStreamingProxy_DABB07KZMGAJCZIXL5GXYIMBC_62_2_2_0 Label:LandscapeStreamingProxy_2_2_0 SpatiallyLoaded:true EditorBounds:IsValid=true, Min=(X=1930.000 Y=2130.000 Z=0.000), Max=(X=8130.000 Y=8330.000 Z=2248.438) RuntimeBounds:IsValid=true, Min=(X=1930.000 Y=2130.000 Z=521.094), Max=(X=8130.000 Y=8330.000 Z=2248.438) RuntimeGrid:None EditorOnly:false RuntimeOnly:false HLODRelevant:true ListedInSceneOutliner:true IsMainWorldOnly:false
 |   |   |- Guid:F737521A434D3D98A2E0CB16D0693F96 NativeClass:/Script/Landscape.LandscapeStreamingProxy Name:LandscapeStreamingProxy_DABB07KZMGAJCZIXL5GXYIMBC_62_2_0_0 Label:LandscapeStreamingProxy_2_0_0 SpatiallyLoaded:true EditorBounds:IsValid=true, Min=(X=1930.000 Y=-10270.000 Z=0.000), Max=(X=8130.000 Y=-4070.000 Z=4439.844) RuntimeBounds:IsValid=true, Min=(X=1930.000 Y=-10270.000 Z=0.000), Max=(X=8130.000 Y=-4070.000 Z=4439.844) RuntimeGrid:None EditorOnly:false RuntimeOnly:false HLODRelevant:true ListedInSceneOutliner:true IsMainWorldOnly:false
 |   |   |- Guid:F9634EC08006379B9B7B5C21179F1D4E NativeClass:/Script/Landscape.LandscapeStreamingProxy Name:LandscapeStreamingProxy_DABB07KZMGAJCZIXL5GXYIMBC_62_1_2_0 Label:LandscapeStreamingProxy_1_2_0 SpatiallyLoaded:true EditorBounds:IsValid=true, Min=(X=-4270.000 Y=2130.000 Z=0.000), Max=(X=1930.000 Y=8330.000 Z=907.031) RuntimeBounds:IsValid=true, Min=(X=-4270.000 Y=2130.000 Z=0.000), Max=(X=1930.000 Y=8330.000 Z=907.031) RuntimeGrid:None EditorOnly:false RuntimeOnly:false HLODRelevant:true ListedInSceneOutliner:true IsMainWorldOnly:false
 |   |   |- Guid:FB7075E53274389BA545ACC230CB0E2F NativeClass:/Script/Landscape.LandscapeStreamingProxy Name:LandscapeStreamingProxy_DABB07KZMGAJCZIXL5GXYIMBC_62_1_0_0 Label:LandscapeStreamingProxy_1_0_0 SpatiallyLoaded:true EditorBounds:IsValid=true, Min=(X=-4270.000 Y=-10270.000 Z=0.000), Max=(X=1930.000 Y=-4070.000 Z=2683.594) RuntimeBounds:IsValid=true, Min=(X=-4270.000 Y=-10270.000 Z=0.000), Max=(X=1930.000 Y=-4070.000 Z=2683.594) RuntimeGrid:None EditorOnly:false RuntimeOnly:false HLODRelevant:true ListedInSceneOutliner:true IsMainWorldOnly:false
 |   |   |- Guid:FBE2FE2B6F983ED6BC40C50614EE1C46 NativeClass:/Script/Engine.VolumetricCloud Name:VolumetricCloud_0 Label:VolumetricCloud SpatiallyLoaded:false EditorBounds:IsValid=true, Min=(X=-128.000 Y=-128.000 Z=692.000), Max=(X=128.000 Y=128.000 Z=948.000) RuntimeBounds:IsValid=true, Min=(X=0.000 Y=0.000 Z=820.000), Max=(X=0.000 Y=0.000 Z=820.000) RuntimeGrid:None EditorOnly:false RuntimeOnly:false HLODRelevant:false ListedInSceneOutliner:true IsMainWorldOnly:false FolderPath:Lighting FolderGuid:D9E1224C415FCB205E4105B3245ADAAB
 |   |   |- Guid:FC730E45057D35DB886084336EBAEF5E NativeClass:/Script/Engine.SkyAtmosphere Name:SkyAtmosphere_0 Label:SkyAtmosphere SpatiallyLoaded:false EditorBounds:IsValid=true, Min=(X=-128.000 Y=-128.000 Z=892.000), Max=(X=240.000 Y=128.000 Z=1148.000) RuntimeBounds:IsValid=true, Min=(X=0.000 Y=0.000 Z=1020.000), Max=(X=0.000 Y=0.000 Z=1020.000) RuntimeGrid:None EditorOnly:false RuntimeOnly:false HLODRelevant:false ListedInSceneOutliner:true IsMainWorldOnly:false FolderPath:Lighting FolderGuid:D9E1224C415FCB205E4105B3245ADAAB
 |   |- [+] Clusters:
 |   |   |- [+] [  0]
 |   |   |   |- Guid:01FB3405730A37AEB0D00ED2B34C0E77 NativeClass:/Script/Engine.DirectionalLight Name:DirectionalLight_0 Label:DirectionalLight SpatiallyLoaded:false EditorBounds:IsValid=false, Min=(X=0.000 Y=0.000 Z=0.000), Max=(X=0.000 Y=0.000 Z=0.000) RuntimeBounds:IsValid=false, Min=(X=0.000 Y=0.000 Z=0.000), Max=(X=0.000 Y=0.000 Z=0.000) RuntimeGrid:None EditorOnly:false RuntimeOnly:false HLODRelevant:false ListedInSceneOutliner:true IsMainWorldOnly:false FolderPath:Lighting FolderGuid:D9E1224C415FCB205E4105B3245ADAAB
 |   |   |- [+] [  1]
 |   |   |   |- Guid:03640FCDA4573C6DB59A232A8D757E90 NativeClass:/Script/Engine.StaticMeshActor Name:StaticMeshActor_UAID_A4AE111137DC5FFB00_1159438599 Label:SM_SkySphere SpatiallyLoaded:false EditorBounds:IsValid=true, Min=(X=-1638400.000 Y=-1638400.000 Z=-1638400.000), Max=(X=1638400.000 Y=1638400.000 Z=1638400.000) RuntimeBounds:IsValid=true, Min=(X=-1638400.000 Y=-1638400.000 Z=-1638400.000), Max=(X=1638400.000 Y=1638400.000 Z=1638400.000) RuntimeGrid:None EditorOnly:false RuntimeOnly:false HLODRelevant:false ListedInSceneOutliner:true IsMainWorldOnly:false FolderPath:Lighting FolderGuid:D9E1224C415FCB205E4105B3245ADAAB
 |   |   |- [+] [  2]
 |   |   |   |- Guid:067F2E598B123FCD99BEC78A44D98FFF NativeClass:/Script/Engine.SkyLight Name:SkyLight_0 Label:SkyLight SpatiallyLoaded:false EditorBounds:IsValid=true, Min=(X=-1.000 Y=-1.000 Z=-1.000), Max=(X=1.000 Y=1.000 Z=690.000) RuntimeBounds:IsValid=true, Min=(X=0.000 Y=0.000 Z=690.000), Max=(X=0.000 Y=0.000 Z=690.000) RuntimeGrid:None EditorOnly:false RuntimeOnly:false HLODRelevant:false ListedInSceneOutliner:true IsMainWorldOnly:false FolderPath:Lighting FolderGuid:D9E1224C415FCB205E4105B3245ADAAB
 |   |   |- [+] [  3]
 |   |   |   |- Guid:0F16EC84BB8D38B6856F90EACE4EA1CC NativeClass:/Script/Engine.TextRenderActor Name:TextRenderActor_0 Label:TextRenderActor SpatiallyLoaded:true EditorBounds:IsValid=true, Min=(X=-128.100 Y=972.000 Z=12.013), Max=(X=127.900 Y=2363.461 Z=268.013) RuntimeBounds:IsValid=true, Min=(X=-0.100 Y=1100.000 Z=65.013), Max=(X=-0.100 Y=2363.461 Z=215.013) RuntimeGrid:None EditorOnly:false RuntimeOnly:false HLODRelevant:false ListedInSceneOutliner:true IsMainWorldOnly:false
 |   |   |- [+] [  4]
 |   |   |   |- Guid:0FCBD82B89C33D558B10B3F725E6181F NativeClass:/Script/Landscape.LandscapeStreamingProxy Name:LandscapeStreamingProxy_DABB07KZMGAJCZIXL5GXYIMBC_62_0_1_0 Label:LandscapeStreamingProxy_0_1_0 SpatiallyLoaded:true EditorBounds:IsValid=true, Min=(X=-10470.000 Y=-4070.000 Z=0.000), Max=(X=-4270.000 Y=2130.000 Z=1982.031) RuntimeBounds:IsValid=true, Min=(X=-10470.000 Y=-4070.000 Z=4.688), Max=(X=-4270.000 Y=2130.000 Z=1982.031) RuntimeGrid:None EditorOnly:false RuntimeOnly:false HLODRelevant:true ListedInSceneOutliner:true IsMainWorldOnly:false
 |   |   |- [+] [  5]
 |   |   |   |- Guid:228A44E4224B375D9359B4367EEFED4C NativeClass:/Script/Engine.WorldDataLayers Name:WorldDataLayers Label:WorldDataLayers-1 SpatiallyLoaded:false EditorBounds:IsValid=false, Min=(X=0.000 Y=0.000 Z=0.000), Max=(X=0.000 Y=0.000 Z=0.000) RuntimeBounds:IsValid=false, Min=(X=0.000 Y=0.000 Z=0.000), Max=(X=0.000 Y=0.000 Z=0.000) RuntimeGrid:None EditorOnly:false RuntimeOnly:false HLODRelevant:false ListedInSceneOutliner:true IsMainWorldOnly:true
 |   |   |- [+] [  6]
 |   |   |   |- Guid:24830AA021CC344B9CBC7774A9CDF51C NativeClass:/Script/Engine.PostProcessVolume Name:PostProcessVolume_0 Label:PostProcessVolume SpatiallyLoaded:false EditorBounds:IsValid=true, Min=(X=0.000 Y=0.000 Z=400.000), Max=(X=200.000 Y=200.000 Z=600.000) RuntimeBounds:IsValid=true, Min=(X=0.000 Y=0.000 Z=400.000), Max=(X=200.000 Y=200.000 Z=600.000) RuntimeGrid:None EditorOnly:false RuntimeOnly:false HLODRelevant:false ListedInSceneOutliner:true IsMainWorldOnly:false FolderPath:Lighting FolderGuid:D9E1224C415FCB205E4105B3245ADAAB
 |   |   |- [+] [  7]
 |   |   |   |- Guid:27E00D06A33F3707889B539A32C069D1 NativeClass:/Script/Landscape.Landscape Name:Landscape_UAID_64497DC4E757649802_1117220607 Label:Landscape SpatiallyLoaded:false EditorBounds:IsValid=true, Min=(X=-10470.000 Y=-10270.000 Z=0.000), Max=(X=-10470.000 Y=-10270.000 Z=0.000) RuntimeBounds:IsValid=true, Min=(X=-10470.000 Y=-10270.000 Z=0.000), Max=(X=-10470.000 Y=-10270.000 Z=0.000) RuntimeGrid:None EditorOnly:false RuntimeOnly:false HLODRelevant:false ListedInSceneOutliner:true IsMainWorldOnly:false
 |   |   |- [+] [  8]
 |   |   |   |- Guid:32E0F5FB2CF4332E80D5BC280EEA586E NativeClass:/Script/Landscape.LandscapeStreamingProxy Name:LandscapeStreamingProxy_DABB07KZMGAJCZIXL5GXYIMBC_62_0_2_0 Label:LandscapeStreamingProxy_0_2_0 SpatiallyLoaded:true EditorBounds:IsValid=true, Min=(X=-10470.000 Y=2130.000 Z=0.000), Max=(X=-4270.000 Y=8330.000 Z=1537.500) RuntimeBounds:IsValid=true, Min=(X=-10470.000 Y=2130.000 Z=0.000), Max=(X=-4270.000 Y=8330.000 Z=1537.500) RuntimeGrid:None EditorOnly:false RuntimeOnly:false HLODRelevant:true ListedInSceneOutliner:true IsMainWorldOnly:false
 |   |   |- [+] [  9]
 |   |   |   |- Guid:3C4AE7DE0B313AD58BFD41790AE830D0 NativeClass:/Script/Landscape.LandscapeStreamingProxy Name:LandscapeStreamingProxy_DABB07KZMGAJCZIXL5GXYIMBC_62_2_3_0 Label:LandscapeStreamingProxy_2_3_0 SpatiallyLoaded:true EditorBounds:IsValid=true, Min=(X=1930.000 Y=8330.000 Z=0.000), Max=(X=8130.000 Y=14530.000 Z=4317.969) RuntimeBounds:IsValid=true, Min=(X=1930.000 Y=8330.000 Z=907.031), Max=(X=8130.000 Y=14530.000 Z=4317.969) RuntimeGrid:None EditorOnly:false RuntimeOnly:false HLODRelevant:true ListedInSceneOutliner:true IsMainWorldOnly:false
 |   |   |- [+] [ 10]
 |   |   |   |- Guid:58FC91154A8714D7C8AF3F89A87EFA17 NativeClass:/Script/Engine.PlayerStart Name:PlayerStart_UAID_64497DC4E757AB9E02_1122733440 Label:PlayerStart SpatiallyLoaded:false EditorBounds:IsValid=true, Min=(X=-3711.816 Y=-4347.717 Z=1638.561), Max=(X=-3348.243 Y=-4000.938 Z=1894.561) RuntimeBounds:IsValid=true, Min=(X=-3642.165 Y=-4277.802 Z=1673.480), Max=(X=-3525.466 Y=-4161.632 Z=1859.642) RuntimeGrid:None EditorOnly:false RuntimeOnly:false HLODRelevant:false ListedInSceneOutliner:true IsMainWorldOnly:false
 |   |   |- [+] [ 11]
 |   |   |   |- Guid:5D3468A947FC3A619667ECAD05830171 NativeClass:/Script/Landscape.LandscapeStreamingProxy Name:LandscapeStreamingProxy_DABB07KZMGAJCZIXL5GXYIMBC_62_0_3_0 Label:LandscapeStreamingProxy_0_3_0 SpatiallyLoaded:true EditorBounds:IsValid=true, Min=(X=-10470.000 Y=8330.000 Z=0.000), Max=(X=-4270.000 Y=14530.000 Z=2564.062) RuntimeBounds:IsValid=true, Min=(X=-10470.000 Y=8330.000 Z=100.781), Max=(X=-4270.000 Y=14530.000 Z=2564.062) RuntimeGrid:None EditorOnly:false RuntimeOnly:false HLODRelevant:true ListedInSceneOutliner:true IsMainWorldOnly:false
 |   |   |- [+] [ 12]
 |   |   |   |- Guid:8274B005F9E8366CB7A43A32EA676024 NativeClass:/Script/Landscape.LandscapeStreamingProxy Name:LandscapeStreamingProxy_DABB07KZMGAJCZIXL5GXYIMBC_62_0_0_0 Label:LandscapeStreamingProxy_0_0_0 SpatiallyLoaded:true EditorBounds:IsValid=true, Min=(X=-10470.000 Y=-10270.000 Z=0.000), Max=(X=-4270.000 Y=-4070.000 Z=3659.375) RuntimeBounds:IsValid=true, Min=(X=-10470.000 Y=-10270.000 Z=95.312), Max=(X=-4270.000 Y=-4070.000 Z=3659.375) RuntimeGrid:None EditorOnly:false RuntimeOnly:false HLODRelevant:true ListedInSceneOutliner:true IsMainWorldOnly:false
 |   |   |- [+] [ 13]
 |   |   |   |- Guid:85E49832E7BE33149D4CBD221EF8F143 NativeClass:/Script/Landscape.LandscapeStreamingProxy Name:LandscapeStreamingProxy_DABB07KZMGAJCZIXL5GXYIMBC_62_3_0_0 Label:LandscapeStreamingProxy_3_0_0 SpatiallyLoaded:true EditorBounds:IsValid=true, Min=(X=8130.000 Y=-10270.000 Z=0.000), Max=(X=14330.000 Y=-4070.000 Z=4782.812) RuntimeBounds:IsValid=true, Min=(X=8130.000 Y=-10270.000 Z=35.938), Max=(X=14330.000 Y=-4070.000 Z=4782.812) RuntimeGrid:None EditorOnly:false RuntimeOnly:false HLODRelevant:true ListedInSceneOutliner:true IsMainWorldOnly:false
 |   |   |- [+] [ 14]
 |   |   |   |- Guid:86EF5570858A3E2C807411067FF8BF21 NativeClass:/Script/Landscape.LandscapeStreamingProxy Name:LandscapeStreamingProxy_DABB07KZMGAJCZIXL5GXYIMBC_62_1_1_0 Label:LandscapeStreamingProxy_1_1_0 SpatiallyLoaded:true EditorBounds:IsValid=true, Min=(X=-4270.000 Y=-4070.000 Z=0.000), Max=(X=1930.000 Y=2130.000 Z=779.688) RuntimeBounds:IsValid=true, Min=(X=-4270.000 Y=-4070.000 Z=0.000), Max=(X=1930.000 Y=2130.000 Z=779.688) RuntimeGrid:None EditorOnly:false RuntimeOnly:false HLODRelevant:true ListedInSceneOutliner:true IsMainWorldOnly:false
 |   |   |- [+] [ 15]
 |   |   |   |- Guid:987116B90EA83E6B80AF54C6CEA12244 NativeClass:/Script/Landscape.LandscapeStreamingProxy Name:LandscapeStreamingProxy_DABB07KZMGAJCZIXL5GXYIMBC_62_2_1_0 Label:LandscapeStreamingProxy_2_1_0 SpatiallyLoaded:true EditorBounds:IsValid=true, Min=(X=1930.000 Y=-4070.000 Z=0.000), Max=(X=8130.000 Y=2130.000 Z=1125.781) RuntimeBounds:IsValid=true, Min=(X=1930.000 Y=-4070.000 Z=0.000), Max=(X=8130.000 Y=2130.000 Z=1125.781) RuntimeGrid:None EditorOnly:false RuntimeOnly:false HLODRelevant:true ListedInSceneOutliner:true IsMainWorldOnly:false
 |   |   |- [+] [ 16]
 |   |   |   |- Guid:A1250BD0AB413D3B9CE637061C61A621 NativeClass:/Script/Landscape.LandscapeStreamingProxy Name:LandscapeStreamingProxy_DABB07KZMGAJCZIXL5GXYIMBC_62_1_3_0 Label:LandscapeStreamingProxy_1_3_0 SpatiallyLoaded:true EditorBounds:IsValid=true, Min=(X=-4270.000 Y=8330.000 Z=0.000), Max=(X=1930.000 Y=14530.000 Z=2335.938) RuntimeBounds:IsValid=true, Min=(X=-4270.000 Y=8330.000 Z=13.281), Max=(X=1930.000 Y=14530.000 Z=2335.938) RuntimeGrid:None EditorOnly:false RuntimeOnly:false HLODRelevant:true ListedInSceneOutliner:true IsMainWorldOnly:false
 |   |   |- [+] [ 17]
 |   |   |   |- Guid:A5077243B0973C3E80BA6D353AFE4837 NativeClass:/Script/Landscape.LandscapeStreamingProxy Name:LandscapeStreamingProxy_DABB07KZMGAJCZIXL5GXYIMBC_62_3_1_0 Label:LandscapeStreamingProxy_3_1_0 SpatiallyLoaded:true EditorBounds:IsValid=true, Min=(X=8130.000 Y=-4070.000 Z=0.000), Max=(X=14330.000 Y=2130.000 Z=2459.375) RuntimeBounds:IsValid=true, Min=(X=8130.000 Y=-4070.000 Z=0.000), Max=(X=14330.000 Y=2130.000 Z=2459.375) RuntimeGrid:None EditorOnly:false RuntimeOnly:false HLODRelevant:true ListedInSceneOutliner:true IsMainWorldOnly:false
 |   |   |- [+] [ 18]
 |   |   |   |- Guid:B12F1D2339083F179A80D0233AEB21DA NativeClass:/Script/Engine.StaticMeshActor Name:StaticMeshActor_UAID_64497DC4E757599802_1434328672 Label:SM_ISOA SpatiallyLoaded:true EditorBounds:IsValid=true, Min=(X=-959.970 Y=73.129 Z=-132.245), Max=(X=4039.737 Y=3446.856 Z=2452.296) RuntimeBounds:IsValid=true, Min=(X=-959.970 Y=73.129 Z=-132.245), Max=(X=4039.737 Y=3446.856 Z=2452.296) RuntimeGrid:None EditorOnly:false RuntimeOnly:false HLODRelevant:true ListedInSceneOutliner:true IsMainWorldOnly:false
 |   |   |- [+] [ 19]
 |   |   |   |- Guid:B7F9D4F24E54D316AC14929FC3B05585 NativeClass:/Script/CinematicCamera.CineCameraActor Name:CineCameraActor_UAID_64497DC4E757269D02_1639145977 Label:CineCameraActor SpatiallyLoaded:false EditorBounds:IsValid=true, Min=(X=-4593.816 Y=-5229.717 Z=756.561), Max=(X=-2573.816 Y=-3209.717 Z=2776.561) RuntimeBounds:IsValid=true, Min=(X=-3583.816 Y=-4219.717 Z=1766.561), Max=(X=-3583.816 Y=-4219.717 Z=1766.561) RuntimeGrid:None EditorOnly:false RuntimeOnly:false HLODRelevant:false ListedInSceneOutliner:true IsMainWorldOnly:false
 |   |   |- [+] [ 20]
 |   |   |   |- Guid:B9CA383C01943C239A749A9202E84AB1 NativeClass:/Script/Landscape.LandscapeStreamingProxy Name:LandscapeStreamingProxy_DABB07KZMGAJCZIXL5GXYIMBC_62_3_3_0 Label:LandscapeStreamingProxy_3_3_0 SpatiallyLoaded:true EditorBounds:IsValid=true, Min=(X=8130.000 Y=8330.000 Z=0.000), Max=(X=14330.000 Y=14530.000 Z=7979.688) RuntimeBounds:IsValid=true, Min=(X=8130.000 Y=8330.000 Z=2248.438), Max=(X=14330.000 Y=14530.000 Z=7979.688) RuntimeGrid:None EditorOnly:false RuntimeOnly:false HLODRelevant:true ListedInSceneOutliner:true IsMainWorldOnly:false
 |   |   |- [+] [ 21]
 |   |   |   |- Guid:BCB5B142A93233249A3F0102CF9BA880 NativeClass:/Script/Landscape.LandscapeStreamingProxy Name:LandscapeStreamingProxy_DABB07KZMGAJCZIXL5GXYIMBC_62_3_2_0 Label:LandscapeStreamingProxy_3_2_0 SpatiallyLoaded:true EditorBounds:IsValid=true, Min=(X=8130.000 Y=2130.000 Z=0.000), Max=(X=14330.000 Y=8330.000 Z=5783.594) RuntimeBounds:IsValid=true, Min=(X=8130.000 Y=2130.000 Z=275.781), Max=(X=14330.000 Y=8330.000 Z=5783.594) RuntimeGrid:None EditorOnly:false RuntimeOnly:false HLODRelevant:true ListedInSceneOutliner:true IsMainWorldOnly:false
 |   |   |- [+] [ 22]
 |   |   |   |- Guid:BE0CD676504C31839A537E1E9B2392A6 NativeClass:/Script/Engine.ExponentialHeightFog Name:ExponentialHeightFog_0 Label:ExponentialHeightFog SpatiallyLoaded:false EditorBounds:IsValid=true, Min=(X=-5728.000 Y=-178.000 Z=-6978.000), Max=(X=-5472.000 Y=78.000 Z=-6722.000) RuntimeBounds:IsValid=true, Min=(X=-5600.000 Y=-50.000 Z=-6850.000), Max=(X=-5600.000 Y=-50.000 Z=-6850.000) RuntimeGrid:None EditorOnly:false RuntimeOnly:false HLODRelevant:false ListedInSceneOutliner:true IsMainWorldOnly:false FolderPath:Lighting FolderGuid:D9E1224C415FCB205E4105B3245ADAAB
 |   |   |- [+] [ 23]
 |   |   |   |- Guid:E3076D37236436579AD28CC8EF71A6AD NativeClass:/Script/Landscape.LandscapeStreamingProxy Name:LandscapeStreamingProxy_DABB07KZMGAJCZIXL5GXYIMBC_62_2_2_0 Label:LandscapeStreamingProxy_2_2_0 SpatiallyLoaded:true EditorBounds:IsValid=true, Min=(X=1930.000 Y=2130.000 Z=0.000), Max=(X=8130.000 Y=8330.000 Z=2248.438) RuntimeBounds:IsValid=true, Min=(X=1930.000 Y=2130.000 Z=521.094), Max=(X=8130.000 Y=8330.000 Z=2248.438) RuntimeGrid:None EditorOnly:false RuntimeOnly:false HLODRelevant:true ListedInSceneOutliner:true IsMainWorldOnly:false
 |   |   |- [+] [ 24]
 |   |   |   |- Guid:F737521A434D3D98A2E0CB16D0693F96 NativeClass:/Script/Landscape.LandscapeStreamingProxy Name:LandscapeStreamingProxy_DABB07KZMGAJCZIXL5GXYIMBC_62_2_0_0 Label:LandscapeStreamingProxy_2_0_0 SpatiallyLoaded:true EditorBounds:IsValid=true, Min=(X=1930.000 Y=-10270.000 Z=0.000), Max=(X=8130.000 Y=-4070.000 Z=4439.844) RuntimeBounds:IsValid=true, Min=(X=1930.000 Y=-10270.000 Z=0.000), Max=(X=8130.000 Y=-4070.000 Z=4439.844) RuntimeGrid:None EditorOnly:false RuntimeOnly:false HLODRelevant:true ListedInSceneOutliner:true IsMainWorldOnly:false
 |   |   |- [+] [ 25]
 |   |   |   |- Guid:F9634EC08006379B9B7B5C21179F1D4E NativeClass:/Script/Landscape.LandscapeStreamingProxy Name:LandscapeStreamingProxy_DABB07KZMGAJCZIXL5GXYIMBC_62_1_2_0 Label:LandscapeStreamingProxy_1_2_0 SpatiallyLoaded:true EditorBounds:IsValid=true, Min=(X=-4270.000 Y=2130.000 Z=0.000), Max=(X=1930.000 Y=8330.000 Z=907.031) RuntimeBounds:IsValid=true, Min=(X=-4270.000 Y=2130.000 Z=0.000), Max=(X=1930.000 Y=8330.000 Z=907.031) RuntimeGrid:None EditorOnly:false RuntimeOnly:false HLODRelevant:true ListedInSceneOutliner:true IsMainWorldOnly:false
 |   |   |- [+] [ 26]
 |   |   |   |- Guid:FB7075E53274389BA545ACC230CB0E2F NativeClass:/Script/Landscape.LandscapeStreamingProxy Name:LandscapeStreamingProxy_DABB07KZMGAJCZIXL5GXYIMBC_62_1_0_0 Label:LandscapeStreamingProxy_1_0_0 SpatiallyLoaded:true EditorBounds:IsValid=true, Min=(X=-4270.000 Y=-10270.000 Z=0.000), Max=(X=1930.000 Y=-4070.000 Z=2683.594) RuntimeBounds:IsValid=true, Min=(X=-4270.000 Y=-10270.000 Z=0.000), Max=(X=1930.000 Y=-4070.000 Z=2683.594) RuntimeGrid:None EditorOnly:false RuntimeOnly:false HLODRelevant:true ListedInSceneOutliner:true IsMainWorldOnly:false
 |   |   |- [+] [ 27]
 |   |   |   |- Guid:FBE2FE2B6F983ED6BC40C50614EE1C46 NativeClass:/Script/Engine.VolumetricCloud Name:VolumetricCloud_0 Label:VolumetricCloud SpatiallyLoaded:false EditorBounds:IsValid=true, Min=(X=-128.000 Y=-128.000 Z=692.000), Max=(X=128.000 Y=128.000 Z=948.000) RuntimeBounds:IsValid=true, Min=(X=0.000 Y=0.000 Z=820.000), Max=(X=0.000 Y=0.000 Z=820.000) RuntimeGrid:None EditorOnly:false RuntimeOnly:false HLODRelevant:false ListedInSceneOutliner:true IsMainWorldOnly:false FolderPath:Lighting FolderGuid:D9E1224C415FCB205E4105B3245ADAAB
 |   |   |- [+] [ 28]
 |   |   |   |- Guid:FC730E45057D35DB886084336EBAEF5E NativeClass:/Script/Engine.SkyAtmosphere Name:SkyAtmosphere_0 Label:SkyAtmosphere SpatiallyLoaded:false EditorBounds:IsValid=true, Min=(X=-128.000 Y=-128.000 Z=892.000), Max=(X=240.000 Y=128.000 Z=1148.000) RuntimeBounds:IsValid=true, Min=(X=0.000 Y=0.000 Z=1020.000), Max=(X=0.000 Y=0.000 Z=1020.000) RuntimeGrid:None EditorOnly:false RuntimeOnly:false HLODRelevant:false ListedInSceneOutliner:true IsMainWorldOnly:false FolderPath:Lighting FolderGuid:D9E1224C415FCB205E4105B3245ADAAB
 |- ContainerInstances:
 |- [+] MainContainer:
 |   |-        ID: 00000000000000000000000000000000
 |   |-  ParentID: 00000000000000000000000000000000
 |   |-    Bounds: IsValid=false, Min=(X=0.000 Y=0.000 Z=0.000), Max=(X=0.000 Y=0.000 Z=0.000)
 |   |- Transform: 0.000000,0.000000,0.000000|0.000000,0.000000,-0.000000|1.000000,1.000000,1.000000
 |   |- Container: /Game/Arena/Maps/MainMenuMap
----------------------------------------------------------------------------------------------------------------
MainMenuMap - Persistent Level
----------------------------------------------------------------------------------------------------------------
[+] Content of MainMenuMap Persistent Level
 |- Always loaded Actor Count: 29 
 |- Actor Path: /Game/Arena/Maps/MainMenuMap.MainMenuMap:PersistentLevel.CineCameraActor_UAID_64497DC4E757269D02_1639145977
 |- Actor Package: /Game/__ExternalActors__/Arena/Maps/MainMenuMap/1/5S/FJ3PMNXGHIYQC2Q66SIPS4
 |- Actor Path: /Game/Arena/Maps/MainMenuMap.MainMenuMap:PersistentLevel.DirectionalLight_0
 |- Actor Package: /Game/__ExternalActors__/Arena/Maps/MainMenuMap/5/0G/4CWBKSEIYQZENQ9N6ZTHB9
 |- Actor Path: /Game/Arena/Maps/MainMenuMap.MainMenuMap:PersistentLevel.ExponentialHeightFog_0
 |- Actor Package: /Game/__ExternalActors__/Arena/Maps/MainMenuMap/0/BB/VKEQ1AGZTRJDQJCCEQFWFU
 |- Actor Path: /Game/Arena/Maps/MainMenuMap.MainMenuMap:PersistentLevel.Landscape_UAID_64497DC4E757649802_1117220607
 |- Actor Package: /Game/__ExternalActors__/Arena/Maps/MainMenuMap/E/SX/RRUSC0CCJYBQJQJ3A4V0FQ
 |- Actor Path: /Game/Arena/Maps/MainMenuMap.MainMenuMap:PersistentLevel.LandscapeStreamingProxy_DABB07KZMGAJCZIXL5GXYIMBC_62_0_0_0
 |- Actor Package: /Game/__ExternalActors__/Arena/Maps/MainMenuMap/A/Y6/SD0IQ1NR1A9YC3YF8VPKX6
 |- Actor Path: /Game/Arena/Maps/MainMenuMap.MainMenuMap:PersistentLevel.LandscapeStreamingProxy_DABB07KZMGAJCZIXL5GXYIMBC_62_0_1_0
 |- Actor Package: /Game/__ExternalActors__/Arena/Maps/MainMenuMap/E/96/FVAFZS56C1WGUJ4R3M6EIQ
 |- Actor Path: /Game/Arena/Maps/MainMenuMap.MainMenuMap:PersistentLevel.LandscapeStreamingProxy_DABB07KZMGAJCZIXL5GXYIMBC_62_0_2_0
 |- Actor Package: /Game/__ExternalActors__/Arena/Maps/MainMenuMap/7/7N/54PWE05JX69PG1ZY0VZK82
 |- Actor Path: /Game/Arena/Maps/MainMenuMap.MainMenuMap:PersistentLevel.LandscapeStreamingProxy_DABB07KZMGAJCZIXL5GXYIMBC_62_0_3_0
 |- Actor Package: /Game/__ExternalActors__/Arena/Maps/MainMenuMap/2/GY/ZB96RNQNDGJA9H37M61IGR
 |- Actor Path: /Game/Arena/Maps/MainMenuMap.MainMenuMap:PersistentLevel.LandscapeStreamingProxy_DABB07KZMGAJCZIXL5GXYIMBC_62_1_0_0
 |- Actor Package: /Game/__ExternalActors__/Arena/Maps/MainMenuMap/E/EO/87WUOATLDYHGDLDKOP33B7
 |- Actor Path: /Game/Arena/Maps/MainMenuMap.MainMenuMap:PersistentLevel.LandscapeStreamingProxy_DABB07KZMGAJCZIXL5GXYIMBC_62_1_1_0
 |- Actor Package: /Game/__ExternalActors__/Arena/Maps/MainMenuMap/9/VE/9YIDD444GY9CM5P7UHIN44
 |- Actor Path: /Game/Arena/Maps/MainMenuMap.MainMenuMap:PersistentLevel.LandscapeStreamingProxy_DABB07KZMGAJCZIXL5GXYIMBC_62_1_2_0
 |- Actor Package: /Game/__ExternalActors__/Arena/Maps/MainMenuMap/6/DK/TQCKPBK2KTSNZKQMM80LVO
 |- Actor Path: /Game/Arena/Maps/MainMenuMap.MainMenuMap:PersistentLevel.LandscapeStreamingProxy_DABB07KZMGAJCZIXL5GXYIMBC_62_1_3_0
 |- Actor Package: /Game/__ExternalActors__/Arena/Maps/MainMenuMap/A/HN/6GG6Z4TG76RGN95PGJC41I
 |- Actor Path: /Game/Arena/Maps/MainMenuMap.MainMenuMap:PersistentLevel.LandscapeStreamingProxy_DABB07KZMGAJCZIXL5GXYIMBC_62_2_0_0
 |- Actor Package: /Game/__ExternalActors__/Arena/Maps/MainMenuMap/B/XW/JLZ75EYJY5US2KKWSX7L5S
 |- Actor Path: /Game/Arena/Maps/MainMenuMap.MainMenuMap:PersistentLevel.LandscapeStreamingProxy_DABB07KZMGAJCZIXL5GXYIMBC_62_2_1_0
 |- Actor Package: /Game/__ExternalActors__/Arena/Maps/MainMenuMap/8/ZN/APTKFSR9OJQVT2CDLKE68R
 |- Actor Path: /Game/Arena/Maps/MainMenuMap.MainMenuMap:PersistentLevel.LandscapeStreamingProxy_DABB07KZMGAJCZIXL5GXYIMBC_62_2_2_0
 |- Actor Package: /Game/__ExternalActors__/Arena/Maps/MainMenuMap/F/28/9P78FZ828RLJM6QD3SL5LQ
 |- Actor Path: /Game/Arena/Maps/MainMenuMap.MainMenuMap:PersistentLevel.LandscapeStreamingProxy_DABB07KZMGAJCZIXL5GXYIMBC_62_2_3_0
 |- Actor Package: /Game/__ExternalActors__/Arena/Maps/MainMenuMap/2/PO/IO4TXXO5RPS50NBAZDRRV1
 |- Actor Path: /Game/Arena/Maps/MainMenuMap.MainMenuMap:PersistentLevel.LandscapeStreamingProxy_DABB07KZMGAJCZIXL5GXYIMBC_62_3_0_0
 |- Actor Package: /Game/__ExternalActors__/Arena/Maps/MainMenuMap/0/LZ/7FMP2N7OCDQDBFKADGFU61
 |- Actor Path: /Game/Arena/Maps/MainMenuMap.MainMenuMap:PersistentLevel.LandscapeStreamingProxy_DABB07KZMGAJCZIXL5GXYIMBC_62_3_1_0
 |- Actor Package: /Game/__ExternalActors__/Arena/Maps/MainMenuMap/7/AK/TNFPZ4M3JDD2BC5GX39CB2
 |- Actor Path: /Game/Arena/Maps/MainMenuMap.MainMenuMap:PersistentLevel.LandscapeStreamingProxy_DABB07KZMGAJCZIXL5GXYIMBC_62_3_2_0
 |- Actor Package: /Game/__ExternalActors__/Arena/Maps/MainMenuMap/0/PY/YW8IZ4IE7Q4UX9SZKNZCQQ
 |- Actor Path: /Game/Arena/Maps/MainMenuMap.MainMenuMap:PersistentLevel.LandscapeStreamingProxy_DABB07KZMGAJCZIXL5GXYIMBC_62_3_3_0
 |- Actor Package: /Game/__ExternalActors__/Arena/Maps/MainMenuMap/B/FW/VJJQZMO5ONKYOYPYT7X44H
 |- Actor Path: /Game/Arena/Maps/MainMenuMap.MainMenuMap:PersistentLevel.PlayerStart_UAID_64497DC4E757AB9E02_1122733440
 |- Actor Package: /Game/__ExternalActors__/Arena/Maps/MainMenuMap/7/EA/7OWR5PZNLPHWIC1YLURELO
 |- Actor Path: /Game/Arena/Maps/MainMenuMap.MainMenuMap:PersistentLevel.PostProcessVolume_0
 |- Actor Package: /Game/__ExternalActors__/Arena/Maps/MainMenuMap/B/GW/Y5MVM1348MBT7CHS0REOKM
 |- Actor Path: /Game/Arena/Maps/MainMenuMap.MainMenuMap:PersistentLevel.SkyAtmosphere_0
 |- Actor Package: /Game/__ExternalActors__/Arena/Maps/MainMenuMap/8/5D/WMI1QEB1KVKCHT4RG7XITE
 |- Actor Path: /Game/Arena/Maps/MainMenuMap.MainMenuMap:PersistentLevel.SkyLight_0
 |- Actor Package: /Game/__ExternalActors__/Arena/Maps/MainMenuMap/1/C5/DDW9YETQL7N3P1F7HVVFEJ
 |- Actor Path: /Game/Arena/Maps/MainMenuMap.MainMenuMap:PersistentLevel.StaticMeshActor_UAID_64497DC4E757599802_1434328672
 |- Actor Package: /Game/__ExternalActors__/Arena/Maps/MainMenuMap/6/8O/DKSSGEGC7UQD9DPDG7NPS4
 |- Actor Path: /Game/Arena/Maps/MainMenuMap.MainMenuMap:PersistentLevel.StaticMeshActor_UAID_A4AE111137DC5FFB00_1159438599
 |- Actor Package: /Game/__ExternalActors__/Arena/Maps/MainMenuMap/D/UH/SMP4WVMPTO880LNMEHGRWM
 |- Actor Path: /Game/Arena/Maps/MainMenuMap.MainMenuMap:PersistentLevel.TextRenderActor_0
 |- Actor Package: /Game/__ExternalActors__/Arena/Maps/MainMenuMap/5/I5/8A2LWKT6CZ22NGOZH2UFP3
 |- Actor Path: /Game/Arena/Maps/MainMenuMap.MainMenuMap:PersistentLevel.VolumetricCloud_0
 |- Actor Package: /Game/__ExternalActors__/Arena/Maps/MainMenuMap/B/B0/XP7GANT67NPXO0WE4YZJG6
 |- Actor Path: /Game/Arena/Maps/MainMenuMap.MainMenuMap:PersistentLevel.WorldDataLayers
 |- Actor Package: /Game/__ExternalActors__/Arena/Maps/MainMenuMap/1/J7/4X7VHAQHF7JLLVYAT1V9KU

----------------------------------------------------------------------------------------------------------------
MainMenuMap - Runtime Hash Set
----------------------------------------------------------------------------------------------------------------

