[+] Containers:
 |- [+] Container: /Game/Arena/Maps/FirstPersonMap
 |   |- [+] ActorDescs:
 |   |   |- Guid:1002B707477B295D37CC49BBF170108D NativeClass:/Script/Landscape.LandscapeStreamingProxy Name:LandscapeStreamingProxy_DABB07KZMGAJCZIXL5GXYIMBC_62_1_2_0 Label:LandscapeStreamingProxy_1_2_0 SpatiallyLoaded:true EditorBounds:IsValid=true, Min=(X=-4270.000 Y=2130.000 Z=0.000), Max=(X=1930.000 Y=8330.000 Z=907.031) RuntimeBounds:IsValid=true, Min=(X=-4270.000 Y=2130.000 Z=0.000), Max=(X=1930.000 Y=8330.000 Z=907.031) RuntimeGrid:None EditorOnly:false RuntimeOnly:false HLODRelevant:true ListedInSceneOutliner:true IsMainWorldOnly:false
 |   |   |- Guid:13C1A6C04431F38323D712B7EB98DB2D NativeClass:/Script/Landscape.LandscapeStreamingProxy Name:LandscapeStreamingProxy_DABB07KZMGAJCZIXL5GXYIMBC_62_2_3_0 Label:LandscapeStreamingProxy_2_3_0 SpatiallyLoaded:true EditorBounds:IsValid=true, Min=(X=1930.000 Y=8330.000 Z=0.000), Max=(X=8130.000 Y=14530.000 Z=4317.969) RuntimeBounds:IsValid=true, Min=(X=1930.000 Y=8330.000 Z=907.031), Max=(X=8130.000 Y=14530.000 Z=4317.969) RuntimeGrid:None EditorOnly:false RuntimeOnly:false HLODRelevant:true ListedInSceneOutliner:true IsMainWorldOnly:false
 |   |   |- Guid:13F40C7241F9A80D3E971DBC21FCAFB0 NativeClass:/Script/Engine.SkyAtmosphere Name:SkyAtmosphere_0 Label:SkyAtmosphere SpatiallyLoaded:false EditorBounds:IsValid=true, Min=(X=-128.000 Y=-128.000 Z=892.000), Max=(X=240.000 Y=128.000 Z=1148.000) RuntimeBounds:IsValid=true, Min=(X=0.000 Y=0.000 Z=1020.000), Max=(X=0.000 Y=0.000 Z=1020.000) RuntimeGrid:None EditorOnly:false RuntimeOnly:false HLODRelevant:false ListedInSceneOutliner:true IsMainWorldOnly:false FolderPath:Lighting FolderGuid:D9E1224C415FCB205E4105B3245ADAAB
 |   |   |- Guid:152FBAEC4F8D0F9664F3ECBCB6656DCD NativeClass:/Script/Landscape.LandscapeStreamingProxy Name:LandscapeStreamingProxy_DABB07KZMGAJCZIXL5GXYIMBC_62_1_1_0 Label:LandscapeStreamingProxy_1_1_0 SpatiallyLoaded:true EditorBounds:IsValid=true, Min=(X=-4270.000 Y=-4070.000 Z=0.000), Max=(X=1930.000 Y=2130.000 Z=746.094) RuntimeBounds:IsValid=true, Min=(X=-4270.000 Y=-4070.000 Z=0.000), Max=(X=1930.000 Y=2130.000 Z=746.094) RuntimeGrid:None EditorOnly:false RuntimeOnly:false HLODRelevant:true ListedInSceneOutliner:true IsMainWorldOnly:false
 |   |   |- Guid:1843E584455C1854B3CBCB944CA06A00 NativeClass:/Script/Landscape.LandscapeStreamingProxy Name:LandscapeStreamingProxy_DABB07KZMGAJCZIXL5GXYIMBC_62_2_2_0 Label:LandscapeStreamingProxy_2_2_0 SpatiallyLoaded:true EditorBounds:IsValid=true, Min=(X=1930.000 Y=2130.000 Z=0.000), Max=(X=8130.000 Y=8330.000 Z=3445.312) RuntimeBounds:IsValid=true, Min=(X=1930.000 Y=2130.000 Z=521.094), Max=(X=8130.000 Y=8330.000 Z=3445.312) RuntimeGrid:None EditorOnly:false RuntimeOnly:false HLODRelevant:true ListedInSceneOutliner:true IsMainWorldOnly:false
 |   |   |- Guid:22C4F1724348A3818BBA0A939CA01B63 NativeClass:/Script/Engine.WorldDataLayers Name:WorldDataLayers Label:WorldDataLayers-1 SpatiallyLoaded:false EditorBounds:IsValid=false, Min=(X=0.000 Y=0.000 Z=0.000), Max=(X=0.000 Y=0.000 Z=0.000) RuntimeBounds:IsValid=false, Min=(X=0.000 Y=0.000 Z=0.000), Max=(X=0.000 Y=0.000 Z=0.000) RuntimeGrid:None EditorOnly:false RuntimeOnly:false HLODRelevant:false ListedInSceneOutliner:true IsMainWorldOnly:true
 |   |   |- Guid:23BFE94A4607BD354EE7F6BCB58663C9 NativeClass:/Script/Landscape.LandscapeStreamingProxy Name:LandscapeStreamingProxy_DABB07KZMGAJCZIXL5GXYIMBC_62_0_3_0 Label:LandscapeStreamingProxy_0_3_0 SpatiallyLoaded:true EditorBounds:IsValid=true, Min=(X=-10470.000 Y=8330.000 Z=0.000), Max=(X=-4270.000 Y=14530.000 Z=2564.062) RuntimeBounds:IsValid=true, Min=(X=-10470.000 Y=8330.000 Z=100.781), Max=(X=-4270.000 Y=14530.000 Z=2564.062) RuntimeGrid:None EditorOnly:false RuntimeOnly:false HLODRelevant:true ListedInSceneOutliner:true IsMainWorldOnly:false
 |   |   |- Guid:271D9EC946D0398CD8BEB0B8C205ABD3 BaseClass:/Game/Arena/Blueprints/BP_PickUp_Rifle.BP_PickUp_Rifle_C NativeClass:/Script/Engine.Actor Name:BP_Rifle_C_UAID_64497DC4E757179702_1181458002 Label:BP_Pickup_Rifle2 SpatiallyLoaded:true EditorBounds:IsValid=true, Min=(X=2508.000 Y=1618.000 Z=28.000), Max=(X=2572.000 Y=1707.440 Z=92.000) RuntimeBounds:IsValid=true, Min=(X=2508.000 Y=1618.000 Z=28.000), Max=(X=2572.000 Y=1707.440 Z=92.000) RuntimeGrid:None EditorOnly:false RuntimeOnly:false HLODRelevant:false ListedInSceneOutliner:true IsMainWorldOnly:false
 |   |   |- Guid:28B84F644CA4E698500676B7FDC77681 NativeClass:/Script/Landscape.LandscapeStreamingProxy Name:LandscapeStreamingProxy_DABB07KZMGAJCZIXL5GXYIMBC_62_3_0_0 Label:LandscapeStreamingProxy_3_0_0 SpatiallyLoaded:true EditorBounds:IsValid=true, Min=(X=8130.000 Y=-10270.000 Z=0.000), Max=(X=14330.000 Y=-4070.000 Z=4782.812) RuntimeBounds:IsValid=true, Min=(X=8130.000 Y=-10270.000 Z=35.938), Max=(X=14330.000 Y=-4070.000 Z=4782.812) RuntimeGrid:None EditorOnly:false RuntimeOnly:false HLODRelevant:true ListedInSceneOutliner:true IsMainWorldOnly:false
 |   |   |- Guid:32E292664C0ABB6FC31ACC8377B89715 NativeClass:/Script/Landscape.Landscape Name:Landscape_UAID_64497DC4E757649802_1117220607 Label:Landscape SpatiallyLoaded:false EditorBounds:IsValid=true, Min=(X=-10470.000 Y=-10270.000 Z=0.000), Max=(X=-10470.000 Y=-10270.000 Z=0.000) RuntimeBounds:IsValid=true, Min=(X=-10470.000 Y=-10270.000 Z=0.000), Max=(X=-10470.000 Y=-10270.000 Z=0.000) RuntimeGrid:None EditorOnly:false RuntimeOnly:false HLODRelevant:false ListedInSceneOutliner:true IsMainWorldOnly:false
 |   |   |- Guid:36DA8D2C4B2585DD71BFF583CFB51CFA NativeClass:/Script/Engine.TextRenderActor Name:TextRenderActor_0 Label:TextRenderActor SpatiallyLoaded:true EditorBounds:IsValid=true, Min=(X=-128.100 Y=972.000 Z=12.013), Max=(X=127.900 Y=2363.461 Z=268.013) RuntimeBounds:IsValid=true, Min=(X=-0.100 Y=1100.000 Z=65.013), Max=(X=-0.100 Y=2363.461 Z=215.013) RuntimeGrid:None EditorOnly:false RuntimeOnly:false HLODRelevant:false ListedInSceneOutliner:true IsMainWorldOnly:false
 |   |   |- Guid:3AFF97294A9A76453E26FFA14F2F34BC NativeClass:/Script/Landscape.LandscapeStreamingProxy Name:LandscapeStreamingProxy_DABB07KZMGAJCZIXL5GXYIMBC_62_3_3_0 Label:LandscapeStreamingProxy_3_3_0 SpatiallyLoaded:true EditorBounds:IsValid=true, Min=(X=8130.000 Y=8330.000 Z=0.000), Max=(X=14330.000 Y=14530.000 Z=7979.688) RuntimeBounds:IsValid=true, Min=(X=8130.000 Y=8330.000 Z=2686.719), Max=(X=14330.000 Y=14530.000 Z=7979.688) RuntimeGrid:None EditorOnly:false RuntimeOnly:false HLODRelevant:true ListedInSceneOutliner:true IsMainWorldOnly:false
 |   |   |- Guid:616554B84D9AF28DF69ABD8837FD26D7 NativeClass:/Script/Engine.ExponentialHeightFog Name:ExponentialHeightFog_0 Label:ExponentialHeightFog SpatiallyLoaded:false EditorBounds:IsValid=true, Min=(X=-5728.000 Y=-178.000 Z=-6978.000), Max=(X=-5472.000 Y=78.000 Z=-6722.000) RuntimeBounds:IsValid=true, Min=(X=-5600.000 Y=-50.000 Z=-6850.000), Max=(X=-5600.000 Y=-50.000 Z=-6850.000) RuntimeGrid:None EditorOnly:false RuntimeOnly:false HLODRelevant:false ListedInSceneOutliner:true IsMainWorldOnly:false FolderPath:Lighting FolderGuid:D9E1224C415FCB205E4105B3245ADAAB
 |   |   |- Guid:6456ADDD428A590141FABFB9484712AA NativeClass:/Script/Engine.PostProcessVolume Name:PostProcessVolume_0 Label:PostProcessVolume SpatiallyLoaded:false EditorBounds:IsValid=true, Min=(X=0.000 Y=0.000 Z=400.000), Max=(X=200.000 Y=200.000 Z=600.000) RuntimeBounds:IsValid=true, Min=(X=0.000 Y=0.000 Z=400.000), Max=(X=200.000 Y=200.000 Z=600.000) RuntimeGrid:None EditorOnly:false RuntimeOnly:false HLODRelevant:false ListedInSceneOutliner:true IsMainWorldOnly:false FolderPath:Lighting FolderGuid:D9E1224C415FCB205E4105B3245ADAAB
 |   |   |- Guid:66FBA98B4BC9A34D408460A60F029BF2 NativeClass:/Script/Landscape.LandscapeStreamingProxy Name:LandscapeStreamingProxy_DABB07KZMGAJCZIXL5GXYIMBC_62_0_0_0 Label:LandscapeStreamingProxy_0_0_0 SpatiallyLoaded:true EditorBounds:IsValid=true, Min=(X=-10470.000 Y=-10270.000 Z=0.000), Max=(X=-4270.000 Y=-4070.000 Z=3659.375) RuntimeBounds:IsValid=true, Min=(X=-10470.000 Y=-10270.000 Z=95.312), Max=(X=-4270.000 Y=-4070.000 Z=3659.375) RuntimeGrid:None EditorOnly:false RuntimeOnly:false HLODRelevant:true ListedInSceneOutliner:true IsMainWorldOnly:false
 |   |   |- Guid:710AA48941EDD3F9CA78D9B8B122248D NativeClass:/Script/Landscape.LandscapeStreamingProxy Name:LandscapeStreamingProxy_DABB07KZMGAJCZIXL5GXYIMBC_62_1_0_0 Label:LandscapeStreamingProxy_1_0_0 SpatiallyLoaded:true EditorBounds:IsValid=true, Min=(X=-4270.000 Y=-10270.000 Z=0.000), Max=(X=1930.000 Y=-4070.000 Z=2683.594) RuntimeBounds:IsValid=true, Min=(X=-4270.000 Y=-10270.000 Z=0.000), Max=(X=1930.000 Y=-4070.000 Z=2683.594) RuntimeGrid:None EditorOnly:false RuntimeOnly:false HLODRelevant:true ListedInSceneOutliner:true IsMainWorldOnly:false
 |   |   |- Guid:7A699BF944F9DAC273FB4FAD2236D7F8 NativeClass:/Script/Engine.SkyLight Name:SkyLight_0 Label:SkyLight SpatiallyLoaded:false EditorBounds:IsValid=true, Min=(X=-1.000 Y=-1.000 Z=-1.000), Max=(X=1.000 Y=1.000 Z=690.000) RuntimeBounds:IsValid=true, Min=(X=0.000 Y=0.000 Z=690.000), Max=(X=0.000 Y=0.000 Z=690.000) RuntimeGrid:None EditorOnly:false RuntimeOnly:false HLODRelevant:false ListedInSceneOutliner:true IsMainWorldOnly:false FolderPath:Lighting FolderGuid:D9E1224C415FCB205E4105B3245ADAAB
 |   |   |- Guid:84B601E2443A30D78A7DCDB7B71EDFAD NativeClass:/Script/Landscape.LandscapeStreamingProxy Name:LandscapeStreamingProxy_DABB07KZMGAJCZIXL5GXYIMBC_62_3_2_0 Label:LandscapeStreamingProxy_3_2_0 SpatiallyLoaded:true EditorBounds:IsValid=true, Min=(X=8130.000 Y=2130.000 Z=0.000), Max=(X=14330.000 Y=8330.000 Z=5770.312) RuntimeBounds:IsValid=true, Min=(X=8130.000 Y=2130.000 Z=275.781), Max=(X=14330.000 Y=8330.000 Z=5770.312) RuntimeGrid:None EditorOnly:false RuntimeOnly:false HLODRelevant:true ListedInSceneOutliner:true IsMainWorldOnly:false
 |   |   |- Guid:8BD31EBD4C8A8E831F742392884FB3DB NativeClass:/Script/Landscape.LandscapeStreamingProxy Name:LandscapeStreamingProxy_DABB07KZMGAJCZIXL5GXYIMBC_62_2_0_0 Label:LandscapeStreamingProxy_2_0_0 SpatiallyLoaded:true EditorBounds:IsValid=true, Min=(X=1930.000 Y=-10270.000 Z=0.000), Max=(X=8130.000 Y=-4070.000 Z=4439.844) RuntimeBounds:IsValid=true, Min=(X=1930.000 Y=-10270.000 Z=0.000), Max=(X=8130.000 Y=-4070.000 Z=4439.844) RuntimeGrid:None EditorOnly:false RuntimeOnly:false HLODRelevant:true ListedInSceneOutliner:true IsMainWorldOnly:false
 |   |   |- Guid:97FF78FB4EC8F13EF6751DB180B1CE46 NativeClass:/Script/Engine.DirectionalLight Name:DirectionalLight_0 Label:DirectionalLight SpatiallyLoaded:false EditorBounds:IsValid=false, Min=(X=0.000 Y=0.000 Z=0.000), Max=(X=0.000 Y=0.000 Z=0.000) RuntimeBounds:IsValid=false, Min=(X=0.000 Y=0.000 Z=0.000), Max=(X=0.000 Y=0.000 Z=0.000) RuntimeGrid:None EditorOnly:false RuntimeOnly:false HLODRelevant:false ListedInSceneOutliner:true IsMainWorldOnly:false FolderPath:Lighting FolderGuid:D9E1224C415FCB205E4105B3245ADAAB
 |   |   |- Guid:A193674B480A39A47551D39FB4DFCD99 NativeClass:/Script/Engine.StaticMeshActor Name:StaticMeshActor_UAID_A4AE111137DC5FFB00_1159438599 Label:SM_SkySphere SpatiallyLoaded:false EditorBounds:IsValid=true, Min=(X=-1638400.000 Y=-1638400.000 Z=-1638400.000), Max=(X=1638400.000 Y=1638400.000 Z=1638400.000) RuntimeBounds:IsValid=true, Min=(X=-1638400.000 Y=-1638400.000 Z=-1638400.000), Max=(X=1638400.000 Y=1638400.000 Z=1638400.000) RuntimeGrid:None EditorOnly:false RuntimeOnly:false HLODRelevant:false ListedInSceneOutliner:true IsMainWorldOnly:false FolderPath:Lighting FolderGuid:D9E1224C415FCB205E4105B3245ADAAB
 |   |   |- Guid:A5FCDC664219DC8AAD6D739ADEF9C627 NativeClass:/Script/Engine.PlayerStart Name:PlayerStart_0 Label:PlayerStart SpatiallyLoaded:false EditorBounds:IsValid=true, Min=(X=1817.000 Y=1721.000 Z=906.013), Max=(X=2185.000 Y=1977.000 Z=1162.013) RuntimeBounds:IsValid=true, Min=(X=1905.000 Y=1809.000 Z=942.013), Max=(X=1985.000 Y=1889.000 Z=1126.013) RuntimeGrid:None EditorOnly:false RuntimeOnly:false HLODRelevant:false ListedInSceneOutliner:true IsMainWorldOnly:false
 |   |   |- Guid:B326783D46A6A43F55CCC9AB2A4C1863 NativeClass:/Script/Engine.VolumetricCloud Name:VolumetricCloud_0 Label:VolumetricCloud SpatiallyLoaded:false EditorBounds:IsValid=true, Min=(X=-128.000 Y=-128.000 Z=692.000), Max=(X=128.000 Y=128.000 Z=948.000) RuntimeBounds:IsValid=true, Min=(X=0.000 Y=0.000 Z=820.000), Max=(X=0.000 Y=0.000 Z=820.000) RuntimeGrid:None EditorOnly:false RuntimeOnly:false HLODRelevant:false ListedInSceneOutliner:true IsMainWorldOnly:false FolderPath:Lighting FolderGuid:D9E1224C415FCB205E4105B3245ADAAB
 |   |   |- Guid:B71E50994260B4F57F5E5A8FCF297DC8 NativeClass:/Script/Landscape.LandscapeStreamingProxy Name:LandscapeStreamingProxy_DABB07KZMGAJCZIXL5GXYIMBC_62_0_2_0 Label:LandscapeStreamingProxy_0_2_0 SpatiallyLoaded:true EditorBounds:IsValid=true, Min=(X=-10470.000 Y=2130.000 Z=0.000), Max=(X=-4270.000 Y=8330.000 Z=1537.500) RuntimeBounds:IsValid=true, Min=(X=-10470.000 Y=2130.000 Z=0.000), Max=(X=-4270.000 Y=8330.000 Z=1537.500) RuntimeGrid:None EditorOnly:false RuntimeOnly:false HLODRelevant:true ListedInSceneOutliner:true IsMainWorldOnly:false
 |   |   |- Guid:C9C8157C4EEA7EA1EC4D14ADFC1CD8D9 NativeClass:/Script/Landscape.LandscapeStreamingProxy Name:LandscapeStreamingProxy_DABB07KZMGAJCZIXL5GXYIMBC_62_1_3_0 Label:LandscapeStreamingProxy_1_3_0 SpatiallyLoaded:true EditorBounds:IsValid=true, Min=(X=-4270.000 Y=8330.000 Z=0.000), Max=(X=1930.000 Y=14530.000 Z=2335.938) RuntimeBounds:IsValid=true, Min=(X=-4270.000 Y=8330.000 Z=13.281), Max=(X=1930.000 Y=14530.000 Z=2335.938) RuntimeGrid:None EditorOnly:false RuntimeOnly:false HLODRelevant:true ListedInSceneOutliner:true IsMainWorldOnly:false
 |   |   |- Guid:CED4E611473191BDADA64CBCCE052515 NativeClass:/Script/Landscape.LandscapeStreamingProxy Name:LandscapeStreamingProxy_DABB07KZMGAJCZIXL5GXYIMBC_62_3_1_0 Label:LandscapeStreamingProxy_3_1_0 SpatiallyLoaded:true EditorBounds:IsValid=true, Min=(X=8130.000 Y=-4070.000 Z=0.000), Max=(X=14330.000 Y=2130.000 Z=2459.375) RuntimeBounds:IsValid=true, Min=(X=8130.000 Y=-4070.000 Z=0.000), Max=(X=14330.000 Y=2130.000 Z=2459.375) RuntimeGrid:None EditorOnly:false RuntimeOnly:false HLODRelevant:true ListedInSceneOutliner:true IsMainWorldOnly:false
 |   |   |- Guid:E1F00DD04BBBDD3E8E214D8FB449F77D NativeClass:/Script/Landscape.LandscapeStreamingProxy Name:LandscapeStreamingProxy_DABB07KZMGAJCZIXL5GXYIMBC_62_0_1_0 Label:LandscapeStreamingProxy_0_1_0 SpatiallyLoaded:true EditorBounds:IsValid=true, Min=(X=-10470.000 Y=-4070.000 Z=0.000), Max=(X=-4270.000 Y=2130.000 Z=1982.031) RuntimeBounds:IsValid=true, Min=(X=-10470.000 Y=-4070.000 Z=4.688), Max=(X=-4270.000 Y=2130.000 Z=1982.031) RuntimeGrid:None EditorOnly:false RuntimeOnly:false HLODRelevant:true ListedInSceneOutliner:true IsMainWorldOnly:false
 |   |   |- Guid:F4A93AD548E61AD10402D7BF9847EE6F NativeClass:/Script/Engine.StaticMeshActor Name:StaticMeshActor_UAID_64497DC4E757599802_1434328672 Label:SM_ISOA SpatiallyLoaded:true EditorBounds:IsValid=true, Min=(X=196.020 Y=510.665 Z=109.118), Max=(X=3495.827 Y=2737.325 Z=1814.915) RuntimeBounds:IsValid=true, Min=(X=196.020 Y=510.665 Z=109.118), Max=(X=3495.827 Y=2737.325 Z=1814.915) RuntimeGrid:None EditorOnly:false RuntimeOnly:false HLODRelevant:true ListedInSceneOutliner:true IsMainWorldOnly:false
 |   |   |- Guid:F62CEDB64522DF69765B7B946F362AAA BaseClass:/Game/Arena/Blueprints/BP_PickUp_Rifle.BP_PickUp_Rifle_C NativeClass:/Script/Engine.Actor Name:BP_Rifle_C_UAID_B42E9936F5422D3B01_1556789383 Label:BP_Pickup_Rifle SpatiallyLoaded:true EditorBounds:IsValid=true, Min=(X=2416.000 Y=1344.000 Z=588.000), Max=(X=2480.000 Y=1433.440 Z=652.000) RuntimeBounds:IsValid=true, Min=(X=2416.000 Y=1344.000 Z=588.000), Max=(X=2480.000 Y=1433.440 Z=652.000) RuntimeGrid:None EditorOnly:false RuntimeOnly:false HLODRelevant:false ListedInSceneOutliner:true IsMainWorldOnly:false
 |   |   |- Guid:F92F39CA43A90641F360F8BF6B30345F NativeClass:/Script/Landscape.LandscapeStreamingProxy Name:LandscapeStreamingProxy_DABB07KZMGAJCZIXL5GXYIMBC_62_2_1_0 Label:LandscapeStreamingProxy_2_1_0 SpatiallyLoaded:true EditorBounds:IsValid=true, Min=(X=1930.000 Y=-4070.000 Z=0.000), Max=(X=8130.000 Y=2130.000 Z=1125.781) RuntimeBounds:IsValid=true, Min=(X=1930.000 Y=-4070.000 Z=0.000), Max=(X=8130.000 Y=2130.000 Z=1125.781) RuntimeGrid:None EditorOnly:false RuntimeOnly:false HLODRelevant:true ListedInSceneOutliner:true IsMainWorldOnly:false
 |   |- [+] Clusters:
 |   |   |- [+] [  0]
 |   |   |   |- Guid:1002B707477B295D37CC49BBF170108D NativeClass:/Script/Landscape.LandscapeStreamingProxy Name:LandscapeStreamingProxy_DABB07KZMGAJCZIXL5GXYIMBC_62_1_2_0 Label:LandscapeStreamingProxy_1_2_0 SpatiallyLoaded:true EditorBounds:IsValid=true, Min=(X=-4270.000 Y=2130.000 Z=0.000), Max=(X=1930.000 Y=8330.000 Z=907.031) RuntimeBounds:IsValid=true, Min=(X=-4270.000 Y=2130.000 Z=0.000), Max=(X=1930.000 Y=8330.000 Z=907.031) RuntimeGrid:None EditorOnly:false RuntimeOnly:false HLODRelevant:true ListedInSceneOutliner:true IsMainWorldOnly:false
 |   |   |- [+] [  1]
 |   |   |   |- Guid:13C1A6C04431F38323D712B7EB98DB2D NativeClass:/Script/Landscape.LandscapeStreamingProxy Name:LandscapeStreamingProxy_DABB07KZMGAJCZIXL5GXYIMBC_62_2_3_0 Label:LandscapeStreamingProxy_2_3_0 SpatiallyLoaded:true EditorBounds:IsValid=true, Min=(X=1930.000 Y=8330.000 Z=0.000), Max=(X=8130.000 Y=14530.000 Z=4317.969) RuntimeBounds:IsValid=true, Min=(X=1930.000 Y=8330.000 Z=907.031), Max=(X=8130.000 Y=14530.000 Z=4317.969) RuntimeGrid:None EditorOnly:false RuntimeOnly:false HLODRelevant:true ListedInSceneOutliner:true IsMainWorldOnly:false
 |   |   |- [+] [  2]
 |   |   |   |- Guid:13F40C7241F9A80D3E971DBC21FCAFB0 NativeClass:/Script/Engine.SkyAtmosphere Name:SkyAtmosphere_0 Label:SkyAtmosphere SpatiallyLoaded:false EditorBounds:IsValid=true, Min=(X=-128.000 Y=-128.000 Z=892.000), Max=(X=240.000 Y=128.000 Z=1148.000) RuntimeBounds:IsValid=true, Min=(X=0.000 Y=0.000 Z=1020.000), Max=(X=0.000 Y=0.000 Z=1020.000) RuntimeGrid:None EditorOnly:false RuntimeOnly:false HLODRelevant:false ListedInSceneOutliner:true IsMainWorldOnly:false FolderPath:Lighting FolderGuid:D9E1224C415FCB205E4105B3245ADAAB
 |   |   |- [+] [  3]
 |   |   |   |- Guid:152FBAEC4F8D0F9664F3ECBCB6656DCD NativeClass:/Script/Landscape.LandscapeStreamingProxy Name:LandscapeStreamingProxy_DABB07KZMGAJCZIXL5GXYIMBC_62_1_1_0 Label:LandscapeStreamingProxy_1_1_0 SpatiallyLoaded:true EditorBounds:IsValid=true, Min=(X=-4270.000 Y=-4070.000 Z=0.000), Max=(X=1930.000 Y=2130.000 Z=746.094) RuntimeBounds:IsValid=true, Min=(X=-4270.000 Y=-4070.000 Z=0.000), Max=(X=1930.000 Y=2130.000 Z=746.094) RuntimeGrid:None EditorOnly:false RuntimeOnly:false HLODRelevant:true ListedInSceneOutliner:true IsMainWorldOnly:false
 |   |   |- [+] [  4]
 |   |   |   |- Guid:1843E584455C1854B3CBCB944CA06A00 NativeClass:/Script/Landscape.LandscapeStreamingProxy Name:LandscapeStreamingProxy_DABB07KZMGAJCZIXL5GXYIMBC_62_2_2_0 Label:LandscapeStreamingProxy_2_2_0 SpatiallyLoaded:true EditorBounds:IsValid=true, Min=(X=1930.000 Y=2130.000 Z=0.000), Max=(X=8130.000 Y=8330.000 Z=3445.312) RuntimeBounds:IsValid=true, Min=(X=1930.000 Y=2130.000 Z=521.094), Max=(X=8130.000 Y=8330.000 Z=3445.312) RuntimeGrid:None EditorOnly:false RuntimeOnly:false HLODRelevant:true ListedInSceneOutliner:true IsMainWorldOnly:false
 |   |   |- [+] [  5]
 |   |   |   |- Guid:22C4F1724348A3818BBA0A939CA01B63 NativeClass:/Script/Engine.WorldDataLayers Name:WorldDataLayers Label:WorldDataLayers-1 SpatiallyLoaded:false EditorBounds:IsValid=false, Min=(X=0.000 Y=0.000 Z=0.000), Max=(X=0.000 Y=0.000 Z=0.000) RuntimeBounds:IsValid=false, Min=(X=0.000 Y=0.000 Z=0.000), Max=(X=0.000 Y=0.000 Z=0.000) RuntimeGrid:None EditorOnly:false RuntimeOnly:false HLODRelevant:false ListedInSceneOutliner:true IsMainWorldOnly:true
 |   |   |- [+] [  6]
 |   |   |   |- Guid:23BFE94A4607BD354EE7F6BCB58663C9 NativeClass:/Script/Landscape.LandscapeStreamingProxy Name:LandscapeStreamingProxy_DABB07KZMGAJCZIXL5GXYIMBC_62_0_3_0 Label:LandscapeStreamingProxy_0_3_0 SpatiallyLoaded:true EditorBounds:IsValid=true, Min=(X=-10470.000 Y=8330.000 Z=0.000), Max=(X=-4270.000 Y=14530.000 Z=2564.062) RuntimeBounds:IsValid=true, Min=(X=-10470.000 Y=8330.000 Z=100.781), Max=(X=-4270.000 Y=14530.000 Z=2564.062) RuntimeGrid:None EditorOnly:false RuntimeOnly:false HLODRelevant:true ListedInSceneOutliner:true IsMainWorldOnly:false
 |   |   |- [+] [  7]
 |   |   |   |- Guid:271D9EC946D0398CD8BEB0B8C205ABD3 BaseClass:/Game/Arena/Blueprints/BP_PickUp_Rifle.BP_PickUp_Rifle_C NativeClass:/Script/Engine.Actor Name:BP_Rifle_C_UAID_64497DC4E757179702_1181458002 Label:BP_Pickup_Rifle2 SpatiallyLoaded:true EditorBounds:IsValid=true, Min=(X=2508.000 Y=1618.000 Z=28.000), Max=(X=2572.000 Y=1707.440 Z=92.000) RuntimeBounds:IsValid=true, Min=(X=2508.000 Y=1618.000 Z=28.000), Max=(X=2572.000 Y=1707.440 Z=92.000) RuntimeGrid:None EditorOnly:false RuntimeOnly:false HLODRelevant:false ListedInSceneOutliner:true IsMainWorldOnly:false
 |   |   |- [+] [  8]
 |   |   |   |- Guid:28B84F644CA4E698500676B7FDC77681 NativeClass:/Script/Landscape.LandscapeStreamingProxy Name:LandscapeStreamingProxy_DABB07KZMGAJCZIXL5GXYIMBC_62_3_0_0 Label:LandscapeStreamingProxy_3_0_0 SpatiallyLoaded:true EditorBounds:IsValid=true, Min=(X=8130.000 Y=-10270.000 Z=0.000), Max=(X=14330.000 Y=-4070.000 Z=4782.812) RuntimeBounds:IsValid=true, Min=(X=8130.000 Y=-10270.000 Z=35.938), Max=(X=14330.000 Y=-4070.000 Z=4782.812) RuntimeGrid:None EditorOnly:false RuntimeOnly:false HLODRelevant:true ListedInSceneOutliner:true IsMainWorldOnly:false
 |   |   |- [+] [  9]
 |   |   |   |- Guid:32E292664C0ABB6FC31ACC8377B89715 NativeClass:/Script/Landscape.Landscape Name:Landscape_UAID_64497DC4E757649802_1117220607 Label:Landscape SpatiallyLoaded:false EditorBounds:IsValid=true, Min=(X=-10470.000 Y=-10270.000 Z=0.000), Max=(X=-10470.000 Y=-10270.000 Z=0.000) RuntimeBounds:IsValid=true, Min=(X=-10470.000 Y=-10270.000 Z=0.000), Max=(X=-10470.000 Y=-10270.000 Z=0.000) RuntimeGrid:None EditorOnly:false RuntimeOnly:false HLODRelevant:false ListedInSceneOutliner:true IsMainWorldOnly:false
 |   |   |- [+] [ 10]
 |   |   |   |- Guid:36DA8D2C4B2585DD71BFF583CFB51CFA NativeClass:/Script/Engine.TextRenderActor Name:TextRenderActor_0 Label:TextRenderActor SpatiallyLoaded:true EditorBounds:IsValid=true, Min=(X=-128.100 Y=972.000 Z=12.013), Max=(X=127.900 Y=2363.461 Z=268.013) RuntimeBounds:IsValid=true, Min=(X=-0.100 Y=1100.000 Z=65.013), Max=(X=-0.100 Y=2363.461 Z=215.013) RuntimeGrid:None EditorOnly:false RuntimeOnly:false HLODRelevant:false ListedInSceneOutliner:true IsMainWorldOnly:false
 |   |   |- [+] [ 11]
 |   |   |   |- Guid:3AFF97294A9A76453E26FFA14F2F34BC NativeClass:/Script/Landscape.LandscapeStreamingProxy Name:LandscapeStreamingProxy_DABB07KZMGAJCZIXL5GXYIMBC_62_3_3_0 Label:LandscapeStreamingProxy_3_3_0 SpatiallyLoaded:true EditorBounds:IsValid=true, Min=(X=8130.000 Y=8330.000 Z=0.000), Max=(X=14330.000 Y=14530.000 Z=7979.688) RuntimeBounds:IsValid=true, Min=(X=8130.000 Y=8330.000 Z=2686.719), Max=(X=14330.000 Y=14530.000 Z=7979.688) RuntimeGrid:None EditorOnly:false RuntimeOnly:false HLODRelevant:true ListedInSceneOutliner:true IsMainWorldOnly:false
 |   |   |- [+] [ 12]
 |   |   |   |- Guid:616554B84D9AF28DF69ABD8837FD26D7 NativeClass:/Script/Engine.ExponentialHeightFog Name:ExponentialHeightFog_0 Label:ExponentialHeightFog SpatiallyLoaded:false EditorBounds:IsValid=true, Min=(X=-5728.000 Y=-178.000 Z=-6978.000), Max=(X=-5472.000 Y=78.000 Z=-6722.000) RuntimeBounds:IsValid=true, Min=(X=-5600.000 Y=-50.000 Z=-6850.000), Max=(X=-5600.000 Y=-50.000 Z=-6850.000) RuntimeGrid:None EditorOnly:false RuntimeOnly:false HLODRelevant:false ListedInSceneOutliner:true IsMainWorldOnly:false FolderPath:Lighting FolderGuid:D9E1224C415FCB205E4105B3245ADAAB
 |   |   |- [+] [ 13]
 |   |   |   |- Guid:6456ADDD428A590141FABFB9484712AA NativeClass:/Script/Engine.PostProcessVolume Name:PostProcessVolume_0 Label:PostProcessVolume SpatiallyLoaded:false EditorBounds:IsValid=true, Min=(X=0.000 Y=0.000 Z=400.000), Max=(X=200.000 Y=200.000 Z=600.000) RuntimeBounds:IsValid=true, Min=(X=0.000 Y=0.000 Z=400.000), Max=(X=200.000 Y=200.000 Z=600.000) RuntimeGrid:None EditorOnly:false RuntimeOnly:false HLODRelevant:false ListedInSceneOutliner:true IsMainWorldOnly:false FolderPath:Lighting FolderGuid:D9E1224C415FCB205E4105B3245ADAAB
 |   |   |- [+] [ 14]
 |   |   |   |- Guid:66FBA98B4BC9A34D408460A60F029BF2 NativeClass:/Script/Landscape.LandscapeStreamingProxy Name:LandscapeStreamingProxy_DABB07KZMGAJCZIXL5GXYIMBC_62_0_0_0 Label:LandscapeStreamingProxy_0_0_0 SpatiallyLoaded:true EditorBounds:IsValid=true, Min=(X=-10470.000 Y=-10270.000 Z=0.000), Max=(X=-4270.000 Y=-4070.000 Z=3659.375) RuntimeBounds:IsValid=true, Min=(X=-10470.000 Y=-10270.000 Z=95.312), Max=(X=-4270.000 Y=-4070.000 Z=3659.375) RuntimeGrid:None EditorOnly:false RuntimeOnly:false HLODRelevant:true ListedInSceneOutliner:true IsMainWorldOnly:false
 |   |   |- [+] [ 15]
 |   |   |   |- Guid:710AA48941EDD3F9CA78D9B8B122248D NativeClass:/Script/Landscape.LandscapeStreamingProxy Name:LandscapeStreamingProxy_DABB07KZMGAJCZIXL5GXYIMBC_62_1_0_0 Label:LandscapeStreamingProxy_1_0_0 SpatiallyLoaded:true EditorBounds:IsValid=true, Min=(X=-4270.000 Y=-10270.000 Z=0.000), Max=(X=1930.000 Y=-4070.000 Z=2683.594) RuntimeBounds:IsValid=true, Min=(X=-4270.000 Y=-10270.000 Z=0.000), Max=(X=1930.000 Y=-4070.000 Z=2683.594) RuntimeGrid:None EditorOnly:false RuntimeOnly:false HLODRelevant:true ListedInSceneOutliner:true IsMainWorldOnly:false
 |   |   |- [+] [ 16]
 |   |   |   |- Guid:7A699BF944F9DAC273FB4FAD2236D7F8 NativeClass:/Script/Engine.SkyLight Name:SkyLight_0 Label:SkyLight SpatiallyLoaded:false EditorBounds:IsValid=true, Min=(X=-1.000 Y=-1.000 Z=-1.000), Max=(X=1.000 Y=1.000 Z=690.000) RuntimeBounds:IsValid=true, Min=(X=0.000 Y=0.000 Z=690.000), Max=(X=0.000 Y=0.000 Z=690.000) RuntimeGrid:None EditorOnly:false RuntimeOnly:false HLODRelevant:false ListedInSceneOutliner:true IsMainWorldOnly:false FolderPath:Lighting FolderGuid:D9E1224C415FCB205E4105B3245ADAAB
 |   |   |- [+] [ 17]
 |   |   |   |- Guid:84B601E2443A30D78A7DCDB7B71EDFAD NativeClass:/Script/Landscape.LandscapeStreamingProxy Name:LandscapeStreamingProxy_DABB07KZMGAJCZIXL5GXYIMBC_62_3_2_0 Label:LandscapeStreamingProxy_3_2_0 SpatiallyLoaded:true EditorBounds:IsValid=true, Min=(X=8130.000 Y=2130.000 Z=0.000), Max=(X=14330.000 Y=8330.000 Z=5770.312) RuntimeBounds:IsValid=true, Min=(X=8130.000 Y=2130.000 Z=275.781), Max=(X=14330.000 Y=8330.000 Z=5770.312) RuntimeGrid:None EditorOnly:false RuntimeOnly:false HLODRelevant:true ListedInSceneOutliner:true IsMainWorldOnly:false
 |   |   |- [+] [ 18]
 |   |   |   |- Guid:8BD31EBD4C8A8E831F742392884FB3DB NativeClass:/Script/Landscape.LandscapeStreamingProxy Name:LandscapeStreamingProxy_DABB07KZMGAJCZIXL5GXYIMBC_62_2_0_0 Label:LandscapeStreamingProxy_2_0_0 SpatiallyLoaded:true EditorBounds:IsValid=true, Min=(X=1930.000 Y=-10270.000 Z=0.000), Max=(X=8130.000 Y=-4070.000 Z=4439.844) RuntimeBounds:IsValid=true, Min=(X=1930.000 Y=-10270.000 Z=0.000), Max=(X=8130.000 Y=-4070.000 Z=4439.844) RuntimeGrid:None EditorOnly:false RuntimeOnly:false HLODRelevant:true ListedInSceneOutliner:true IsMainWorldOnly:false
 |   |   |- [+] [ 19]
 |   |   |   |- Guid:97FF78FB4EC8F13EF6751DB180B1CE46 NativeClass:/Script/Engine.DirectionalLight Name:DirectionalLight_0 Label:DirectionalLight SpatiallyLoaded:false EditorBounds:IsValid=false, Min=(X=0.000 Y=0.000 Z=0.000), Max=(X=0.000 Y=0.000 Z=0.000) RuntimeBounds:IsValid=false, Min=(X=0.000 Y=0.000 Z=0.000), Max=(X=0.000 Y=0.000 Z=0.000) RuntimeGrid:None EditorOnly:false RuntimeOnly:false HLODRelevant:false ListedInSceneOutliner:true IsMainWorldOnly:false FolderPath:Lighting FolderGuid:D9E1224C415FCB205E4105B3245ADAAB
 |   |   |- [+] [ 20]
 |   |   |   |- Guid:A193674B480A39A47551D39FB4DFCD99 NativeClass:/Script/Engine.StaticMeshActor Name:StaticMeshActor_UAID_A4AE111137DC5FFB00_1159438599 Label:SM_SkySphere SpatiallyLoaded:false EditorBounds:IsValid=true, Min=(X=-1638400.000 Y=-1638400.000 Z=-1638400.000), Max=(X=1638400.000 Y=1638400.000 Z=1638400.000) RuntimeBounds:IsValid=true, Min=(X=-1638400.000 Y=-1638400.000 Z=-1638400.000), Max=(X=1638400.000 Y=1638400.000 Z=1638400.000) RuntimeGrid:None EditorOnly:false RuntimeOnly:false HLODRelevant:false ListedInSceneOutliner:true IsMainWorldOnly:false FolderPath:Lighting FolderGuid:D9E1224C415FCB205E4105B3245ADAAB
 |   |   |- [+] [ 21]
 |   |   |   |- Guid:A5FCDC664219DC8AAD6D739ADEF9C627 NativeClass:/Script/Engine.PlayerStart Name:PlayerStart_0 Label:PlayerStart SpatiallyLoaded:false EditorBounds:IsValid=true, Min=(X=1817.000 Y=1721.000 Z=906.013), Max=(X=2185.000 Y=1977.000 Z=1162.013) RuntimeBounds:IsValid=true, Min=(X=1905.000 Y=1809.000 Z=942.013), Max=(X=1985.000 Y=1889.000 Z=1126.013) RuntimeGrid:None EditorOnly:false RuntimeOnly:false HLODRelevant:false ListedInSceneOutliner:true IsMainWorldOnly:false
 |   |   |- [+] [ 22]
 |   |   |   |- Guid:B326783D46A6A43F55CCC9AB2A4C1863 NativeClass:/Script/Engine.VolumetricCloud Name:VolumetricCloud_0 Label:VolumetricCloud SpatiallyLoaded:false EditorBounds:IsValid=true, Min=(X=-128.000 Y=-128.000 Z=692.000), Max=(X=128.000 Y=128.000 Z=948.000) RuntimeBounds:IsValid=true, Min=(X=0.000 Y=0.000 Z=820.000), Max=(X=0.000 Y=0.000 Z=820.000) RuntimeGrid:None EditorOnly:false RuntimeOnly:false HLODRelevant:false ListedInSceneOutliner:true IsMainWorldOnly:false FolderPath:Lighting FolderGuid:D9E1224C415FCB205E4105B3245ADAAB
 |   |   |- [+] [ 23]
 |   |   |   |- Guid:B71E50994260B4F57F5E5A8FCF297DC8 NativeClass:/Script/Landscape.LandscapeStreamingProxy Name:LandscapeStreamingProxy_DABB07KZMGAJCZIXL5GXYIMBC_62_0_2_0 Label:LandscapeStreamingProxy_0_2_0 SpatiallyLoaded:true EditorBounds:IsValid=true, Min=(X=-10470.000 Y=2130.000 Z=0.000), Max=(X=-4270.000 Y=8330.000 Z=1537.500) RuntimeBounds:IsValid=true, Min=(X=-10470.000 Y=2130.000 Z=0.000), Max=(X=-4270.000 Y=8330.000 Z=1537.500) RuntimeGrid:None EditorOnly:false RuntimeOnly:false HLODRelevant:true ListedInSceneOutliner:true IsMainWorldOnly:false
 |   |   |- [+] [ 24]
 |   |   |   |- Guid:C9C8157C4EEA7EA1EC4D14ADFC1CD8D9 NativeClass:/Script/Landscape.LandscapeStreamingProxy Name:LandscapeStreamingProxy_DABB07KZMGAJCZIXL5GXYIMBC_62_1_3_0 Label:LandscapeStreamingProxy_1_3_0 SpatiallyLoaded:true EditorBounds:IsValid=true, Min=(X=-4270.000 Y=8330.000 Z=0.000), Max=(X=1930.000 Y=14530.000 Z=2335.938) RuntimeBounds:IsValid=true, Min=(X=-4270.000 Y=8330.000 Z=13.281), Max=(X=1930.000 Y=14530.000 Z=2335.938) RuntimeGrid:None EditorOnly:false RuntimeOnly:false HLODRelevant:true ListedInSceneOutliner:true IsMainWorldOnly:false
 |   |   |- [+] [ 25]
 |   |   |   |- Guid:CED4E611473191BDADA64CBCCE052515 NativeClass:/Script/Landscape.LandscapeStreamingProxy Name:LandscapeStreamingProxy_DABB07KZMGAJCZIXL5GXYIMBC_62_3_1_0 Label:LandscapeStreamingProxy_3_1_0 SpatiallyLoaded:true EditorBounds:IsValid=true, Min=(X=8130.000 Y=-4070.000 Z=0.000), Max=(X=14330.000 Y=2130.000 Z=2459.375) RuntimeBounds:IsValid=true, Min=(X=8130.000 Y=-4070.000 Z=0.000), Max=(X=14330.000 Y=2130.000 Z=2459.375) RuntimeGrid:None EditorOnly:false RuntimeOnly:false HLODRelevant:true ListedInSceneOutliner:true IsMainWorldOnly:false
 |   |   |- [+] [ 26]
 |   |   |   |- Guid:E1F00DD04BBBDD3E8E214D8FB449F77D NativeClass:/Script/Landscape.LandscapeStreamingProxy Name:LandscapeStreamingProxy_DABB07KZMGAJCZIXL5GXYIMBC_62_0_1_0 Label:LandscapeStreamingProxy_0_1_0 SpatiallyLoaded:true EditorBounds:IsValid=true, Min=(X=-10470.000 Y=-4070.000 Z=0.000), Max=(X=-4270.000 Y=2130.000 Z=1982.031) RuntimeBounds:IsValid=true, Min=(X=-10470.000 Y=-4070.000 Z=4.688), Max=(X=-4270.000 Y=2130.000 Z=1982.031) RuntimeGrid:None EditorOnly:false RuntimeOnly:false HLODRelevant:true ListedInSceneOutliner:true IsMainWorldOnly:false
 |   |   |- [+] [ 27]
 |   |   |   |- Guid:F4A93AD548E61AD10402D7BF9847EE6F NativeClass:/Script/Engine.StaticMeshActor Name:StaticMeshActor_UAID_64497DC4E757599802_1434328672 Label:SM_ISOA SpatiallyLoaded:true EditorBounds:IsValid=true, Min=(X=196.020 Y=510.665 Z=109.118), Max=(X=3495.827 Y=2737.325 Z=1814.915) RuntimeBounds:IsValid=true, Min=(X=196.020 Y=510.665 Z=109.118), Max=(X=3495.827 Y=2737.325 Z=1814.915) RuntimeGrid:None EditorOnly:false RuntimeOnly:false HLODRelevant:true ListedInSceneOutliner:true IsMainWorldOnly:false
 |   |   |- [+] [ 28]
 |   |   |   |- Guid:F62CEDB64522DF69765B7B946F362AAA BaseClass:/Game/Arena/Blueprints/BP_PickUp_Rifle.BP_PickUp_Rifle_C NativeClass:/Script/Engine.Actor Name:BP_Rifle_C_UAID_B42E9936F5422D3B01_1556789383 Label:BP_Pickup_Rifle SpatiallyLoaded:true EditorBounds:IsValid=true, Min=(X=2416.000 Y=1344.000 Z=588.000), Max=(X=2480.000 Y=1433.440 Z=652.000) RuntimeBounds:IsValid=true, Min=(X=2416.000 Y=1344.000 Z=588.000), Max=(X=2480.000 Y=1433.440 Z=652.000) RuntimeGrid:None EditorOnly:false RuntimeOnly:false HLODRelevant:false ListedInSceneOutliner:true IsMainWorldOnly:false
 |   |   |- [+] [ 29]
 |   |   |   |- Guid:F92F39CA43A90641F360F8BF6B30345F NativeClass:/Script/Landscape.LandscapeStreamingProxy Name:LandscapeStreamingProxy_DABB07KZMGAJCZIXL5GXYIMBC_62_2_1_0 Label:LandscapeStreamingProxy_2_1_0 SpatiallyLoaded:true EditorBounds:IsValid=true, Min=(X=1930.000 Y=-4070.000 Z=0.000), Max=(X=8130.000 Y=2130.000 Z=1125.781) RuntimeBounds:IsValid=true, Min=(X=1930.000 Y=-4070.000 Z=0.000), Max=(X=8130.000 Y=2130.000 Z=1125.781) RuntimeGrid:None EditorOnly:false RuntimeOnly:false HLODRelevant:true ListedInSceneOutliner:true IsMainWorldOnly:false
 |- ContainerInstances:
 |- [+] MainContainer:
 |   |-        ID: 00000000000000000000000000000000
 |   |-  ParentID: 00000000000000000000000000000000
 |   |-    Bounds: IsValid=false, Min=(X=0.000 Y=0.000 Z=0.000), Max=(X=0.000 Y=0.000 Z=0.000)
 |   |- Transform: 0.000000,0.000000,0.000000|0.000000,0.000000,-0.000000|1.000000,1.000000,1.000000
 |   |- Container: /Game/Arena/Maps/FirstPersonMap
----------------------------------------------------------------------------------------------------------------
FirstPersonMap - Persistent Level
----------------------------------------------------------------------------------------------------------------
[+] Content of FirstPersonMap Persistent Level
 |- Always loaded Actor Count: 30 
 |- Actor Path: /Game/Arena/Maps/FirstPersonMap.FirstPersonMap:PersistentLevel.BP_Rifle_C_UAID_64497DC4E757179702_1181458002
 |- Actor Package: /Game/__ExternalActors__/Arena/Maps/FirstPersonMap/8/YD/JDNBZVM2CSANCIYTRVS9GH
 |- Actor Path: /Game/Arena/Maps/FirstPersonMap.FirstPersonMap:PersistentLevel.BP_Rifle_C_UAID_B42E9936F5422D3B01_1556789383
 |- Actor Package: /Game/__ExternalActors__/Arena/Maps/FirstPersonMap/3/Z0/0S3086VOY8T9AQK392TH34
 |- Actor Path: /Game/Arena/Maps/FirstPersonMap.FirstPersonMap:PersistentLevel.DirectionalLight_0
 |- Actor Package: /Game/__ExternalActors__/Arena/Maps/FirstPersonMap/5/X2/FW9KH2VGHZGQS6SYENVBEV
 |- Actor Path: /Game/Arena/Maps/FirstPersonMap.FirstPersonMap:PersistentLevel.ExponentialHeightFog_0
 |- Actor Package: /Game/__ExternalActors__/Arena/Maps/FirstPersonMap/5/8S/GGY7ANX5EZF2X8VTLNY6DN
 |- Actor Path: /Game/Arena/Maps/FirstPersonMap.FirstPersonMap:PersistentLevel.Landscape_UAID_64497DC4E757649802_1117220607
 |- Actor Package: /Game/__ExternalActors__/Arena/Maps/FirstPersonMap/2/R0/ZW0RJ48XELQAGQZDK0JH3B
 |- Actor Path: /Game/Arena/Maps/FirstPersonMap.FirstPersonMap:PersistentLevel.LandscapeStreamingProxy_DABB07KZMGAJCZIXL5GXYIMBC_62_0_0_0
 |- Actor Package: /Game/__ExternalActors__/Arena/Maps/FirstPersonMap/B/N8/PXYKN4PYTZ1SCC2M6PDS89
 |- Actor Path: /Game/Arena/Maps/FirstPersonMap.FirstPersonMap:PersistentLevel.LandscapeStreamingProxy_DABB07KZMGAJCZIXL5GXYIMBC_62_0_1_0
 |- Actor Package: /Game/__ExternalActors__/Arena/Maps/FirstPersonMap/A/WE/787V3TKTX5I8KUZQWBT0C0
 |- Actor Path: /Game/Arena/Maps/FirstPersonMap.FirstPersonMap:PersistentLevel.LandscapeStreamingProxy_DABB07KZMGAJCZIXL5GXYIMBC_62_0_2_0
 |- Actor Package: /Game/__ExternalActors__/Arena/Maps/FirstPersonMap/6/OC/TVL4IROCLIN2QFMKQJF5F7
 |- Actor Path: /Game/Arena/Maps/FirstPersonMap.FirstPersonMap:PersistentLevel.LandscapeStreamingProxy_DABB07KZMGAJCZIXL5GXYIMBC_62_0_3_0
 |- Actor Package: /Game/__ExternalActors__/Arena/Maps/FirstPersonMap/9/WZ/TDWYRZSYT06IDM4D2B0E4V
 |- Actor Path: /Game/Arena/Maps/FirstPersonMap.FirstPersonMap:PersistentLevel.LandscapeStreamingProxy_DABB07KZMGAJCZIXL5GXYIMBC_62_1_0_0
 |- Actor Package: /Game/__ExternalActors__/Arena/Maps/FirstPersonMap/2/1T/WF2C7JJ4MBKPKKU2FS0XE6
 |- Actor Path: /Game/Arena/Maps/FirstPersonMap.FirstPersonMap:PersistentLevel.LandscapeStreamingProxy_DABB07KZMGAJCZIXL5GXYIMBC_62_1_1_0
 |- Actor Package: /Game/__ExternalActors__/Arena/Maps/FirstPersonMap/D/96/UBC1F5WNUHUSOOY847XMZP
 |- Actor Path: /Game/Arena/Maps/FirstPersonMap.FirstPersonMap:PersistentLevel.LandscapeStreamingProxy_DABB07KZMGAJCZIXL5GXYIMBC_62_1_2_0
 |- Actor Package: /Game/__ExternalActors__/Arena/Maps/FirstPersonMap/2/XQ/3IPSBTP858A7JGQT6ZRNQ8
 |- Actor Path: /Game/Arena/Maps/FirstPersonMap.FirstPersonMap:PersistentLevel.LandscapeStreamingProxy_DABB07KZMGAJCZIXL5GXYIMBC_62_1_3_0
 |- Actor Package: /Game/__ExternalActors__/Arena/Maps/FirstPersonMap/9/DX/LP0TAUG8EYUHPM7WMGDIW6
 |- Actor Path: /Game/Arena/Maps/FirstPersonMap.FirstPersonMap:PersistentLevel.LandscapeStreamingProxy_DABB07KZMGAJCZIXL5GXYIMBC_62_2_0_0
 |- Actor Package: /Game/__ExternalActors__/Arena/Maps/FirstPersonMap/D/E4/ZM4YK90MCTHAU0IFOP71H1
 |- Actor Path: /Game/Arena/Maps/FirstPersonMap.FirstPersonMap:PersistentLevel.LandscapeStreamingProxy_DABB07KZMGAJCZIXL5GXYIMBC_62_2_1_0
 |- Actor Package: /Game/__ExternalActors__/Arena/Maps/FirstPersonMap/7/JI/ABQPDKTP45PZQ5DB9C2J14
 |- Actor Path: /Game/Arena/Maps/FirstPersonMap.FirstPersonMap:PersistentLevel.LandscapeStreamingProxy_DABB07KZMGAJCZIXL5GXYIMBC_62_2_2_0
 |- Actor Package: /Game/__ExternalActors__/Arena/Maps/FirstPersonMap/0/RT/WFRFOQ0CWOLL31ZBRPIHBQ
 |- Actor Path: /Game/Arena/Maps/FirstPersonMap.FirstPersonMap:PersistentLevel.LandscapeStreamingProxy_DABB07KZMGAJCZIXL5GXYIMBC_62_2_3_0
 |- Actor Package: /Game/__ExternalActors__/Arena/Maps/FirstPersonMap/3/EV/4HYQZANTF3HTPFJDNJP7JL
 |- Actor Path: /Game/Arena/Maps/FirstPersonMap.FirstPersonMap:PersistentLevel.LandscapeStreamingProxy_DABB07KZMGAJCZIXL5GXYIMBC_62_3_0_0
 |- Actor Package: /Game/__ExternalActors__/Arena/Maps/FirstPersonMap/C/DQ/YHLNGQVSL1FYS5BAZA42RF
 |- Actor Path: /Game/Arena/Maps/FirstPersonMap.FirstPersonMap:PersistentLevel.LandscapeStreamingProxy_DABB07KZMGAJCZIXL5GXYIMBC_62_3_1_0
 |- Actor Package: /Game/__ExternalActors__/Arena/Maps/FirstPersonMap/1/UW/PCP0SVDIRSK4MSBX9SYQ76
 |- Actor Path: /Game/Arena/Maps/FirstPersonMap.FirstPersonMap:PersistentLevel.LandscapeStreamingProxy_DABB07KZMGAJCZIXL5GXYIMBC_62_3_2_0
 |- Actor Package: /Game/__ExternalActors__/Arena/Maps/FirstPersonMap/8/CH/D68OTPN8UGDQ9DF589NKQX
 |- Actor Path: /Game/Arena/Maps/FirstPersonMap.FirstPersonMap:PersistentLevel.LandscapeStreamingProxy_DABB07KZMGAJCZIXL5GXYIMBC_62_3_3_0
 |- Actor Package: /Game/__ExternalActors__/Arena/Maps/FirstPersonMap/B/MN/IKNLPB6SIU8M3C5IE5KZ4H
 |- Actor Path: /Game/Arena/Maps/FirstPersonMap.FirstPersonMap:PersistentLevel.PlayerStart_0
 |- Actor Package: /Game/__ExternalActors__/Arena/Maps/FirstPersonMap/6/MG/4Q7FXLA694WUFJ0FCPYXAK
 |- Actor Path: /Game/Arena/Maps/FirstPersonMap.FirstPersonMap:PersistentLevel.PostProcessVolume_0
 |- Actor Package: /Game/__ExternalActors__/Arena/Maps/FirstPersonMap/D/LS/XX90FW2KFURQJGMY672HZT
 |- Actor Path: /Game/Arena/Maps/FirstPersonMap.FirstPersonMap:PersistentLevel.SkyAtmosphere_0
 |- Actor Package: /Game/__ExternalActors__/Arena/Maps/FirstPersonMap/7/0Z/C42ZZMZOJ4PXBM1CTR8PSX
 |- Actor Path: /Game/Arena/Maps/FirstPersonMap.FirstPersonMap:PersistentLevel.SkyLight_0
 |- Actor Package: /Game/__ExternalActors__/Arena/Maps/FirstPersonMap/9/H1/K7MJTZD4OG94JO9W5YLJPR
 |- Actor Path: /Game/Arena/Maps/FirstPersonMap.FirstPersonMap:PersistentLevel.StaticMeshActor_UAID_64497DC4E757599802_1434328672
 |- Actor Package: /Game/__ExternalActors__/Arena/Maps/FirstPersonMap/0/VZ/IZPQJQD6JYVAZFMFQBPSPJ
 |- Actor Path: /Game/Arena/Maps/FirstPersonMap.FirstPersonMap:PersistentLevel.StaticMeshActor_UAID_A4AE111137DC5FFB00_1159438599
 |- Actor Package: /Game/__ExternalActors__/Arena/Maps/FirstPersonMap/E/KB/3PU5BRPCNCPCQFWZHEXRUC
 |- Actor Path: /Game/Arena/Maps/FirstPersonMap.FirstPersonMap:PersistentLevel.TextRenderActor_0
 |- Actor Package: /Game/__ExternalActors__/Arena/Maps/FirstPersonMap/2/7S/URPH8YA8PMJOL6GEXONP86
 |- Actor Path: /Game/Arena/Maps/FirstPersonMap.FirstPersonMap:PersistentLevel.VolumetricCloud_0
 |- Actor Package: /Game/__ExternalActors__/Arena/Maps/FirstPersonMap/1/Q5/0WB4C9W2T41HOE45HPGPQ5
 |- Actor Path: /Game/Arena/Maps/FirstPersonMap.FirstPersonMap:PersistentLevel.WorldDataLayers
 |- Actor Package: /Game/__ExternalActors__/Arena/Maps/FirstPersonMap/6/JF/N0L8AK5B7FH6ZAVUQRUNW8

----------------------------------------------------------------------------------------------------------------
FirstPersonMap - Runtime Hash Set
----------------------------------------------------------------------------------------------------------------

